[2025-09-21T01:43:40.532+0000] {processor.py:157} INFO - Started process (PID=2553) to work on /opt/airflow/dags/pipeline_silver_to_gold.py
[2025-09-21T01:43:40.547+0000] {processor.py:829} INFO - Processing file /opt/airflow/dags/pipeline_silver_to_gold.py for tasks to queue
[2025-09-21T01:43:40.556+0000] {logging_mixin.py:154} INFO - [2025-09-21T01:43:40.552+0000] {dagbag.py:536} INFO - Filling up the DagBag from /opt/airflow/dags/pipeline_silver_to_gold.py
[2025-09-21T01:43:57.465+0000] {processor.py:839} INFO - DAG(s) dict_keys(['silver_to_gold']) retrieved from /opt/airflow/dags/pipeline_silver_to_gold.py
[2025-09-21T01:43:57.755+0000] {logging_mixin.py:154} INFO - [2025-09-21T01:43:57.754+0000] {dag.py:2941} INFO - Sync 1 DAGs
[2025-09-21T01:43:57.843+0000] {logging_mixin.py:154} INFO - [2025-09-21T01:43:57.842+0000] {dag.py:3722} INFO - Setting next_dagrun for silver_to_gold to None, run_after=None
[2025-09-21T01:43:57.949+0000] {processor.py:179} INFO - Processing /opt/airflow/dags/pipeline_silver_to_gold.py took 17.479 seconds
[2025-09-21T06:26:07.058+0000] {processor.py:157} INFO - Started process (PID=2570) to work on /opt/airflow/dags/pipeline_silver_to_gold.py
[2025-09-21T06:26:07.180+0000] {processor.py:829} INFO - Processing file /opt/airflow/dags/pipeline_silver_to_gold.py for tasks to queue
[2025-09-21T06:26:07.213+0000] {logging_mixin.py:154} INFO - [2025-09-21T06:26:07.191+0000] {dagbag.py:536} INFO - Filling up the DagBag from /opt/airflow/dags/pipeline_silver_to_gold.py
[2025-09-21T06:26:10.973+0000] {processor.py:839} INFO - DAG(s) dict_keys(['silver_to_gold']) retrieved from /opt/airflow/dags/pipeline_silver_to_gold.py
[2025-09-21T06:26:11.148+0000] {logging_mixin.py:154} INFO - [2025-09-21T06:26:11.147+0000] {dag.py:2941} INFO - Sync 1 DAGs
[2025-09-21T06:26:11.178+0000] {logging_mixin.py:154} INFO - [2025-09-21T06:26:11.178+0000] {dag.py:3722} INFO - Setting next_dagrun for silver_to_gold to None, run_after=None
[2025-09-21T06:26:11.260+0000] {processor.py:179} INFO - Processing /opt/airflow/dags/pipeline_silver_to_gold.py took 4.286 seconds
[2025-09-21T07:05:03.442+0000] {processor.py:157} INFO - Started process (PID=2592) to work on /opt/airflow/dags/pipeline_silver_to_gold.py
[2025-09-21T07:05:03.668+0000] {processor.py:829} INFO - Processing file /opt/airflow/dags/pipeline_silver_to_gold.py for tasks to queue
[2025-09-21T07:05:03.683+0000] {logging_mixin.py:154} INFO - [2025-09-21T07:05:03.681+0000] {dagbag.py:536} INFO - Filling up the DagBag from /opt/airflow/dags/pipeline_silver_to_gold.py
[2025-09-21T07:05:11.083+0000] {processor.py:839} INFO - DAG(s) dict_keys(['silver_to_gold']) retrieved from /opt/airflow/dags/pipeline_silver_to_gold.py
[2025-09-21T07:05:11.174+0000] {logging_mixin.py:154} INFO - [2025-09-21T07:05:11.171+0000] {dag.py:2941} INFO - Sync 1 DAGs
[2025-09-21T07:05:11.324+0000] {logging_mixin.py:154} INFO - [2025-09-21T07:05:11.324+0000] {dag.py:3722} INFO - Setting next_dagrun for silver_to_gold to None, run_after=None
[2025-09-21T07:05:11.367+0000] {processor.py:179} INFO - Processing /opt/airflow/dags/pipeline_silver_to_gold.py took 8.001 seconds
[2025-09-21T07:05:41.930+0000] {processor.py:157} INFO - Started process (PID=2604) to work on /opt/airflow/dags/pipeline_silver_to_gold.py
[2025-09-21T07:05:41.932+0000] {processor.py:829} INFO - Processing file /opt/airflow/dags/pipeline_silver_to_gold.py for tasks to queue
[2025-09-21T07:05:41.934+0000] {logging_mixin.py:154} INFO - [2025-09-21T07:05:41.933+0000] {dagbag.py:536} INFO - Filling up the DagBag from /opt/airflow/dags/pipeline_silver_to_gold.py
[2025-09-21T07:05:43.254+0000] {processor.py:839} INFO - DAG(s) dict_keys(['silver_to_gold']) retrieved from /opt/airflow/dags/pipeline_silver_to_gold.py
[2025-09-21T07:05:43.319+0000] {logging_mixin.py:154} INFO - [2025-09-21T07:05:43.318+0000] {dag.py:2941} INFO - Sync 1 DAGs
[2025-09-21T07:05:43.364+0000] {logging_mixin.py:154} INFO - [2025-09-21T07:05:43.364+0000] {dag.py:3722} INFO - Setting next_dagrun for silver_to_gold to None, run_after=None
[2025-09-21T07:05:43.394+0000] {processor.py:179} INFO - Processing /opt/airflow/dags/pipeline_silver_to_gold.py took 1.469 seconds
[2025-09-21T07:06:13.628+0000] {processor.py:157} INFO - Started process (PID=2616) to work on /opt/airflow/dags/pipeline_silver_to_gold.py
[2025-09-21T07:06:13.629+0000] {processor.py:829} INFO - Processing file /opt/airflow/dags/pipeline_silver_to_gold.py for tasks to queue
[2025-09-21T07:06:13.630+0000] {logging_mixin.py:154} INFO - [2025-09-21T07:06:13.630+0000] {dagbag.py:536} INFO - Filling up the DagBag from /opt/airflow/dags/pipeline_silver_to_gold.py
[2025-09-21T07:06:15.756+0000] {processor.py:839} INFO - DAG(s) dict_keys(['silver_to_gold']) retrieved from /opt/airflow/dags/pipeline_silver_to_gold.py
[2025-09-21T07:06:15.816+0000] {logging_mixin.py:154} INFO - [2025-09-21T07:06:15.815+0000] {dag.py:2941} INFO - Sync 1 DAGs
[2025-09-21T07:06:15.880+0000] {logging_mixin.py:154} INFO - [2025-09-21T07:06:15.878+0000] {dag.py:3722} INFO - Setting next_dagrun for silver_to_gold to None, run_after=None
[2025-09-21T07:06:15.958+0000] {processor.py:179} INFO - Processing /opt/airflow/dags/pipeline_silver_to_gold.py took 2.336 seconds
[2025-09-21T07:06:46.278+0000] {processor.py:157} INFO - Started process (PID=2628) to work on /opt/airflow/dags/pipeline_silver_to_gold.py
[2025-09-21T07:06:46.280+0000] {processor.py:829} INFO - Processing file /opt/airflow/dags/pipeline_silver_to_gold.py for tasks to queue
[2025-09-21T07:06:46.281+0000] {logging_mixin.py:154} INFO - [2025-09-21T07:06:46.281+0000] {dagbag.py:536} INFO - Filling up the DagBag from /opt/airflow/dags/pipeline_silver_to_gold.py
[2025-09-21T07:06:48.097+0000] {processor.py:839} INFO - DAG(s) dict_keys(['silver_to_gold']) retrieved from /opt/airflow/dags/pipeline_silver_to_gold.py
[2025-09-21T07:06:48.158+0000] {logging_mixin.py:154} INFO - [2025-09-21T07:06:48.157+0000] {dag.py:2941} INFO - Sync 1 DAGs
[2025-09-21T07:06:48.181+0000] {logging_mixin.py:154} INFO - [2025-09-21T07:06:48.181+0000] {dag.py:3722} INFO - Setting next_dagrun for silver_to_gold to None, run_after=None
[2025-09-21T07:06:48.215+0000] {processor.py:179} INFO - Processing /opt/airflow/dags/pipeline_silver_to_gold.py took 1.943 seconds
[2025-09-21T07:07:18.441+0000] {processor.py:157} INFO - Started process (PID=2640) to work on /opt/airflow/dags/pipeline_silver_to_gold.py
[2025-09-21T07:07:18.444+0000] {processor.py:829} INFO - Processing file /opt/airflow/dags/pipeline_silver_to_gold.py for tasks to queue
[2025-09-21T07:07:18.445+0000] {logging_mixin.py:154} INFO - [2025-09-21T07:07:18.445+0000] {dagbag.py:536} INFO - Filling up the DagBag from /opt/airflow/dags/pipeline_silver_to_gold.py
[2025-09-21T07:07:19.845+0000] {processor.py:839} INFO - DAG(s) dict_keys(['silver_to_gold']) retrieved from /opt/airflow/dags/pipeline_silver_to_gold.py
[2025-09-21T07:07:19.955+0000] {logging_mixin.py:154} INFO - [2025-09-21T07:07:19.954+0000] {dag.py:2941} INFO - Sync 1 DAGs
[2025-09-21T07:07:19.996+0000] {logging_mixin.py:154} INFO - [2025-09-21T07:07:19.995+0000] {dag.py:3722} INFO - Setting next_dagrun for silver_to_gold to None, run_after=None
[2025-09-21T07:07:20.074+0000] {processor.py:179} INFO - Processing /opt/airflow/dags/pipeline_silver_to_gold.py took 1.640 seconds
[2025-09-21T07:07:50.408+0000] {processor.py:157} INFO - Started process (PID=2652) to work on /opt/airflow/dags/pipeline_silver_to_gold.py
[2025-09-21T07:07:50.410+0000] {processor.py:829} INFO - Processing file /opt/airflow/dags/pipeline_silver_to_gold.py for tasks to queue
[2025-09-21T07:07:50.412+0000] {logging_mixin.py:154} INFO - [2025-09-21T07:07:50.411+0000] {dagbag.py:536} INFO - Filling up the DagBag from /opt/airflow/dags/pipeline_silver_to_gold.py
[2025-09-21T07:07:51.414+0000] {processor.py:839} INFO - DAG(s) dict_keys(['silver_to_gold']) retrieved from /opt/airflow/dags/pipeline_silver_to_gold.py
[2025-09-21T07:07:51.494+0000] {logging_mixin.py:154} INFO - [2025-09-21T07:07:51.493+0000] {dag.py:2941} INFO - Sync 1 DAGs
[2025-09-21T07:07:51.519+0000] {logging_mixin.py:154} INFO - [2025-09-21T07:07:51.519+0000] {dag.py:3722} INFO - Setting next_dagrun for silver_to_gold to None, run_after=None
[2025-09-21T07:07:51.551+0000] {processor.py:179} INFO - Processing /opt/airflow/dags/pipeline_silver_to_gold.py took 1.148 seconds
[2025-09-21T07:08:21.675+0000] {processor.py:157} INFO - Started process (PID=2664) to work on /opt/airflow/dags/pipeline_silver_to_gold.py
[2025-09-21T07:08:21.677+0000] {processor.py:829} INFO - Processing file /opt/airflow/dags/pipeline_silver_to_gold.py for tasks to queue
[2025-09-21T07:08:21.678+0000] {logging_mixin.py:154} INFO - [2025-09-21T07:08:21.678+0000] {dagbag.py:536} INFO - Filling up the DagBag from /opt/airflow/dags/pipeline_silver_to_gold.py
[2025-09-21T07:08:22.893+0000] {processor.py:839} INFO - DAG(s) dict_keys(['silver_to_gold']) retrieved from /opt/airflow/dags/pipeline_silver_to_gold.py
[2025-09-21T07:08:22.941+0000] {logging_mixin.py:154} INFO - [2025-09-21T07:08:22.940+0000] {dag.py:2941} INFO - Sync 1 DAGs
[2025-09-21T07:08:22.968+0000] {logging_mixin.py:154} INFO - [2025-09-21T07:08:22.967+0000] {dag.py:3722} INFO - Setting next_dagrun for silver_to_gold to None, run_after=None
[2025-09-21T07:08:23.002+0000] {processor.py:179} INFO - Processing /opt/airflow/dags/pipeline_silver_to_gold.py took 1.331 seconds
[2025-09-21T07:08:53.384+0000] {processor.py:157} INFO - Started process (PID=2676) to work on /opt/airflow/dags/pipeline_silver_to_gold.py
[2025-09-21T07:08:53.385+0000] {processor.py:829} INFO - Processing file /opt/airflow/dags/pipeline_silver_to_gold.py for tasks to queue
[2025-09-21T07:08:53.387+0000] {logging_mixin.py:154} INFO - [2025-09-21T07:08:53.386+0000] {dagbag.py:536} INFO - Filling up the DagBag from /opt/airflow/dags/pipeline_silver_to_gold.py
[2025-09-21T07:08:54.629+0000] {processor.py:839} INFO - DAG(s) dict_keys(['silver_to_gold']) retrieved from /opt/airflow/dags/pipeline_silver_to_gold.py
[2025-09-21T07:08:54.759+0000] {logging_mixin.py:154} INFO - [2025-09-21T07:08:54.757+0000] {dag.py:2941} INFO - Sync 1 DAGs
[2025-09-21T07:08:54.886+0000] {logging_mixin.py:154} INFO - [2025-09-21T07:08:54.886+0000] {dag.py:3722} INFO - Setting next_dagrun for silver_to_gold to None, run_after=None
[2025-09-21T07:08:54.925+0000] {processor.py:179} INFO - Processing /opt/airflow/dags/pipeline_silver_to_gold.py took 1.547 seconds
[2025-09-21T07:09:25.823+0000] {processor.py:157} INFO - Started process (PID=2688) to work on /opt/airflow/dags/pipeline_silver_to_gold.py
[2025-09-21T07:09:25.825+0000] {processor.py:829} INFO - Processing file /opt/airflow/dags/pipeline_silver_to_gold.py for tasks to queue
[2025-09-21T07:09:25.826+0000] {logging_mixin.py:154} INFO - [2025-09-21T07:09:25.826+0000] {dagbag.py:536} INFO - Filling up the DagBag from /opt/airflow/dags/pipeline_silver_to_gold.py
[2025-09-21T07:09:27.342+0000] {processor.py:839} INFO - DAG(s) dict_keys(['silver_to_gold']) retrieved from /opt/airflow/dags/pipeline_silver_to_gold.py
[2025-09-21T07:09:27.434+0000] {logging_mixin.py:154} INFO - [2025-09-21T07:09:27.433+0000] {dag.py:2941} INFO - Sync 1 DAGs
[2025-09-21T07:09:27.495+0000] {logging_mixin.py:154} INFO - [2025-09-21T07:09:27.494+0000] {dag.py:3722} INFO - Setting next_dagrun for silver_to_gold to None, run_after=None
[2025-09-21T07:09:27.544+0000] {processor.py:179} INFO - Processing /opt/airflow/dags/pipeline_silver_to_gold.py took 1.727 seconds
[2025-09-21T07:09:57.743+0000] {processor.py:157} INFO - Started process (PID=2700) to work on /opt/airflow/dags/pipeline_silver_to_gold.py
[2025-09-21T07:09:57.745+0000] {processor.py:829} INFO - Processing file /opt/airflow/dags/pipeline_silver_to_gold.py for tasks to queue
[2025-09-21T07:09:57.747+0000] {logging_mixin.py:154} INFO - [2025-09-21T07:09:57.747+0000] {dagbag.py:536} INFO - Filling up the DagBag from /opt/airflow/dags/pipeline_silver_to_gold.py
[2025-09-21T07:09:59.262+0000] {processor.py:839} INFO - DAG(s) dict_keys(['silver_to_gold']) retrieved from /opt/airflow/dags/pipeline_silver_to_gold.py
[2025-09-21T07:09:59.311+0000] {logging_mixin.py:154} INFO - [2025-09-21T07:09:59.310+0000] {dag.py:2941} INFO - Sync 1 DAGs
[2025-09-21T07:09:59.330+0000] {logging_mixin.py:154} INFO - [2025-09-21T07:09:59.330+0000] {dag.py:3722} INFO - Setting next_dagrun for silver_to_gold to None, run_after=None
[2025-09-21T07:09:59.365+0000] {processor.py:179} INFO - Processing /opt/airflow/dags/pipeline_silver_to_gold.py took 1.627 seconds
[2025-09-21T07:10:29.639+0000] {processor.py:157} INFO - Started process (PID=2712) to work on /opt/airflow/dags/pipeline_silver_to_gold.py
[2025-09-21T07:10:29.642+0000] {processor.py:829} INFO - Processing file /opt/airflow/dags/pipeline_silver_to_gold.py for tasks to queue
[2025-09-21T07:10:29.645+0000] {logging_mixin.py:154} INFO - [2025-09-21T07:10:29.645+0000] {dagbag.py:536} INFO - Filling up the DagBag from /opt/airflow/dags/pipeline_silver_to_gold.py
[2025-09-21T07:10:30.988+0000] {processor.py:839} INFO - DAG(s) dict_keys(['silver_to_gold']) retrieved from /opt/airflow/dags/pipeline_silver_to_gold.py
[2025-09-21T07:10:31.063+0000] {logging_mixin.py:154} INFO - [2025-09-21T07:10:31.062+0000] {dag.py:2941} INFO - Sync 1 DAGs
[2025-09-21T07:10:31.089+0000] {logging_mixin.py:154} INFO - [2025-09-21T07:10:31.088+0000] {dag.py:3722} INFO - Setting next_dagrun for silver_to_gold to None, run_after=None
[2025-09-21T07:10:31.118+0000] {processor.py:179} INFO - Processing /opt/airflow/dags/pipeline_silver_to_gold.py took 1.485 seconds
[2025-09-21T07:11:01.376+0000] {processor.py:157} INFO - Started process (PID=2724) to work on /opt/airflow/dags/pipeline_silver_to_gold.py
[2025-09-21T07:11:01.379+0000] {processor.py:829} INFO - Processing file /opt/airflow/dags/pipeline_silver_to_gold.py for tasks to queue
[2025-09-21T07:11:01.381+0000] {logging_mixin.py:154} INFO - [2025-09-21T07:11:01.380+0000] {dagbag.py:536} INFO - Filling up the DagBag from /opt/airflow/dags/pipeline_silver_to_gold.py
[2025-09-21T07:11:03.278+0000] {processor.py:839} INFO - DAG(s) dict_keys(['silver_to_gold']) retrieved from /opt/airflow/dags/pipeline_silver_to_gold.py
[2025-09-21T07:11:03.457+0000] {logging_mixin.py:154} INFO - [2025-09-21T07:11:03.456+0000] {dag.py:2941} INFO - Sync 1 DAGs
[2025-09-21T07:11:03.497+0000] {logging_mixin.py:154} INFO - [2025-09-21T07:11:03.497+0000] {dag.py:3722} INFO - Setting next_dagrun for silver_to_gold to None, run_after=None
[2025-09-21T07:11:03.552+0000] {processor.py:179} INFO - Processing /opt/airflow/dags/pipeline_silver_to_gold.py took 2.180 seconds
[2025-09-21T07:11:33.890+0000] {processor.py:157} INFO - Started process (PID=2736) to work on /opt/airflow/dags/pipeline_silver_to_gold.py
[2025-09-21T07:11:33.893+0000] {processor.py:829} INFO - Processing file /opt/airflow/dags/pipeline_silver_to_gold.py for tasks to queue
[2025-09-21T07:11:33.895+0000] {logging_mixin.py:154} INFO - [2025-09-21T07:11:33.894+0000] {dagbag.py:536} INFO - Filling up the DagBag from /opt/airflow/dags/pipeline_silver_to_gold.py
[2025-09-21T07:11:35.514+0000] {processor.py:839} INFO - DAG(s) dict_keys(['silver_to_gold']) retrieved from /opt/airflow/dags/pipeline_silver_to_gold.py
[2025-09-21T07:11:35.593+0000] {logging_mixin.py:154} INFO - [2025-09-21T07:11:35.593+0000] {dag.py:2941} INFO - Sync 1 DAGs
[2025-09-21T07:11:35.616+0000] {logging_mixin.py:154} INFO - [2025-09-21T07:11:35.616+0000] {dag.py:3722} INFO - Setting next_dagrun for silver_to_gold to None, run_after=None
[2025-09-21T07:11:35.649+0000] {processor.py:179} INFO - Processing /opt/airflow/dags/pipeline_silver_to_gold.py took 1.765 seconds
[2025-09-21T07:12:05.746+0000] {processor.py:157} INFO - Started process (PID=2748) to work on /opt/airflow/dags/pipeline_silver_to_gold.py
[2025-09-21T07:12:05.749+0000] {processor.py:829} INFO - Processing file /opt/airflow/dags/pipeline_silver_to_gold.py for tasks to queue
[2025-09-21T07:12:05.751+0000] {logging_mixin.py:154} INFO - [2025-09-21T07:12:05.750+0000] {dagbag.py:536} INFO - Filling up the DagBag from /opt/airflow/dags/pipeline_silver_to_gold.py
[2025-09-21T07:12:07.306+0000] {processor.py:839} INFO - DAG(s) dict_keys(['silver_to_gold']) retrieved from /opt/airflow/dags/pipeline_silver_to_gold.py
[2025-09-21T07:12:07.364+0000] {logging_mixin.py:154} INFO - [2025-09-21T07:12:07.363+0000] {dag.py:2941} INFO - Sync 1 DAGs
[2025-09-21T07:12:07.444+0000] {logging_mixin.py:154} INFO - [2025-09-21T07:12:07.443+0000] {dag.py:3722} INFO - Setting next_dagrun for silver_to_gold to None, run_after=None
[2025-09-21T07:12:07.480+0000] {processor.py:179} INFO - Processing /opt/airflow/dags/pipeline_silver_to_gold.py took 1.739 seconds
[2025-09-21T07:12:38.256+0000] {processor.py:157} INFO - Started process (PID=2760) to work on /opt/airflow/dags/pipeline_silver_to_gold.py
[2025-09-21T07:12:38.258+0000] {processor.py:829} INFO - Processing file /opt/airflow/dags/pipeline_silver_to_gold.py for tasks to queue
[2025-09-21T07:12:38.260+0000] {logging_mixin.py:154} INFO - [2025-09-21T07:12:38.260+0000] {dagbag.py:536} INFO - Filling up the DagBag from /opt/airflow/dags/pipeline_silver_to_gold.py
[2025-09-21T07:12:39.696+0000] {processor.py:839} INFO - DAG(s) dict_keys(['silver_to_gold']) retrieved from /opt/airflow/dags/pipeline_silver_to_gold.py
[2025-09-21T07:12:39.772+0000] {logging_mixin.py:154} INFO - [2025-09-21T07:12:39.771+0000] {dag.py:2941} INFO - Sync 1 DAGs
[2025-09-21T07:12:39.791+0000] {logging_mixin.py:154} INFO - [2025-09-21T07:12:39.791+0000] {dag.py:3722} INFO - Setting next_dagrun for silver_to_gold to None, run_after=None
[2025-09-21T07:12:39.901+0000] {processor.py:179} INFO - Processing /opt/airflow/dags/pipeline_silver_to_gold.py took 1.651 seconds
[2025-09-21T07:13:10.184+0000] {processor.py:157} INFO - Started process (PID=2772) to work on /opt/airflow/dags/pipeline_silver_to_gold.py
[2025-09-21T07:13:10.186+0000] {processor.py:829} INFO - Processing file /opt/airflow/dags/pipeline_silver_to_gold.py for tasks to queue
[2025-09-21T07:13:10.188+0000] {logging_mixin.py:154} INFO - [2025-09-21T07:13:10.187+0000] {dagbag.py:536} INFO - Filling up the DagBag from /opt/airflow/dags/pipeline_silver_to_gold.py
[2025-09-21T07:13:12.727+0000] {processor.py:839} INFO - DAG(s) dict_keys(['silver_to_gold']) retrieved from /opt/airflow/dags/pipeline_silver_to_gold.py
[2025-09-21T07:13:12.902+0000] {logging_mixin.py:154} INFO - [2025-09-21T07:13:12.900+0000] {dag.py:2941} INFO - Sync 1 DAGs
[2025-09-21T07:13:12.958+0000] {logging_mixin.py:154} INFO - [2025-09-21T07:13:12.958+0000] {dag.py:3722} INFO - Setting next_dagrun for silver_to_gold to None, run_after=None
[2025-09-21T07:13:13.019+0000] {processor.py:179} INFO - Processing /opt/airflow/dags/pipeline_silver_to_gold.py took 2.840 seconds
[2025-09-21T07:13:43.201+0000] {processor.py:157} INFO - Started process (PID=2784) to work on /opt/airflow/dags/pipeline_silver_to_gold.py
[2025-09-21T07:13:43.204+0000] {processor.py:829} INFO - Processing file /opt/airflow/dags/pipeline_silver_to_gold.py for tasks to queue
[2025-09-21T07:13:43.206+0000] {logging_mixin.py:154} INFO - [2025-09-21T07:13:43.205+0000] {dagbag.py:536} INFO - Filling up the DagBag from /opt/airflow/dags/pipeline_silver_to_gold.py
[2025-09-21T07:13:45.454+0000] {processor.py:839} INFO - DAG(s) dict_keys(['silver_to_gold']) retrieved from /opt/airflow/dags/pipeline_silver_to_gold.py
[2025-09-21T07:13:45.509+0000] {logging_mixin.py:154} INFO - [2025-09-21T07:13:45.508+0000] {dag.py:2941} INFO - Sync 1 DAGs
[2025-09-21T07:13:45.584+0000] {logging_mixin.py:154} INFO - [2025-09-21T07:13:45.583+0000] {dag.py:3722} INFO - Setting next_dagrun for silver_to_gold to None, run_after=None
[2025-09-21T07:13:45.622+0000] {processor.py:179} INFO - Processing /opt/airflow/dags/pipeline_silver_to_gold.py took 2.426 seconds
[2025-09-21T07:14:15.960+0000] {processor.py:157} INFO - Started process (PID=2796) to work on /opt/airflow/dags/pipeline_silver_to_gold.py
[2025-09-21T07:14:15.962+0000] {processor.py:829} INFO - Processing file /opt/airflow/dags/pipeline_silver_to_gold.py for tasks to queue
[2025-09-21T07:14:15.964+0000] {logging_mixin.py:154} INFO - [2025-09-21T07:14:15.963+0000] {dagbag.py:536} INFO - Filling up the DagBag from /opt/airflow/dags/pipeline_silver_to_gold.py
[2025-09-21T07:14:17.708+0000] {processor.py:839} INFO - DAG(s) dict_keys(['silver_to_gold']) retrieved from /opt/airflow/dags/pipeline_silver_to_gold.py
[2025-09-21T07:14:17.762+0000] {logging_mixin.py:154} INFO - [2025-09-21T07:14:17.761+0000] {dag.py:2941} INFO - Sync 1 DAGs
[2025-09-21T07:14:17.784+0000] {logging_mixin.py:154} INFO - [2025-09-21T07:14:17.784+0000] {dag.py:3722} INFO - Setting next_dagrun for silver_to_gold to None, run_after=None
[2025-09-21T07:14:17.816+0000] {processor.py:179} INFO - Processing /opt/airflow/dags/pipeline_silver_to_gold.py took 1.862 seconds
[2025-09-21T07:14:48.363+0000] {processor.py:157} INFO - Started process (PID=2808) to work on /opt/airflow/dags/pipeline_silver_to_gold.py
[2025-09-21T07:14:48.366+0000] {processor.py:829} INFO - Processing file /opt/airflow/dags/pipeline_silver_to_gold.py for tasks to queue
[2025-09-21T07:14:48.367+0000] {logging_mixin.py:154} INFO - [2025-09-21T07:14:48.367+0000] {dagbag.py:536} INFO - Filling up the DagBag from /opt/airflow/dags/pipeline_silver_to_gold.py
[2025-09-21T07:14:50.360+0000] {processor.py:839} INFO - DAG(s) dict_keys(['silver_to_gold']) retrieved from /opt/airflow/dags/pipeline_silver_to_gold.py
[2025-09-21T07:14:50.433+0000] {logging_mixin.py:154} INFO - [2025-09-21T07:14:50.431+0000] {dag.py:2941} INFO - Sync 1 DAGs
[2025-09-21T07:14:50.459+0000] {logging_mixin.py:154} INFO - [2025-09-21T07:14:50.458+0000] {dag.py:3722} INFO - Setting next_dagrun for silver_to_gold to None, run_after=None
[2025-09-21T07:14:50.490+0000] {processor.py:179} INFO - Processing /opt/airflow/dags/pipeline_silver_to_gold.py took 2.136 seconds
[2025-09-21T07:15:20.804+0000] {processor.py:157} INFO - Started process (PID=2820) to work on /opt/airflow/dags/pipeline_silver_to_gold.py
[2025-09-21T07:15:20.807+0000] {processor.py:829} INFO - Processing file /opt/airflow/dags/pipeline_silver_to_gold.py for tasks to queue
[2025-09-21T07:15:20.808+0000] {logging_mixin.py:154} INFO - [2025-09-21T07:15:20.808+0000] {dagbag.py:536} INFO - Filling up the DagBag from /opt/airflow/dags/pipeline_silver_to_gold.py
[2025-09-21T07:15:23.665+0000] {processor.py:839} INFO - DAG(s) dict_keys(['silver_to_gold']) retrieved from /opt/airflow/dags/pipeline_silver_to_gold.py
[2025-09-21T07:15:23.871+0000] {logging_mixin.py:154} INFO - [2025-09-21T07:15:23.870+0000] {dag.py:2941} INFO - Sync 1 DAGs
[2025-09-21T07:15:23.977+0000] {logging_mixin.py:154} INFO - [2025-09-21T07:15:23.977+0000] {dag.py:3722} INFO - Setting next_dagrun for silver_to_gold to None, run_after=None
[2025-09-21T07:15:24.025+0000] {processor.py:179} INFO - Processing /opt/airflow/dags/pipeline_silver_to_gold.py took 3.227 seconds
[2025-09-21T07:15:54.364+0000] {processor.py:157} INFO - Started process (PID=2832) to work on /opt/airflow/dags/pipeline_silver_to_gold.py
[2025-09-21T07:15:54.366+0000] {processor.py:829} INFO - Processing file /opt/airflow/dags/pipeline_silver_to_gold.py for tasks to queue
[2025-09-21T07:15:54.368+0000] {logging_mixin.py:154} INFO - [2025-09-21T07:15:54.368+0000] {dagbag.py:536} INFO - Filling up the DagBag from /opt/airflow/dags/pipeline_silver_to_gold.py
[2025-09-21T07:15:56.107+0000] {processor.py:839} INFO - DAG(s) dict_keys(['silver_to_gold']) retrieved from /opt/airflow/dags/pipeline_silver_to_gold.py
[2025-09-21T07:15:56.237+0000] {logging_mixin.py:154} INFO - [2025-09-21T07:15:56.236+0000] {dag.py:2941} INFO - Sync 1 DAGs
[2025-09-21T07:15:56.261+0000] {logging_mixin.py:154} INFO - [2025-09-21T07:15:56.261+0000] {dag.py:3722} INFO - Setting next_dagrun for silver_to_gold to None, run_after=None
[2025-09-21T07:15:56.308+0000] {processor.py:179} INFO - Processing /opt/airflow/dags/pipeline_silver_to_gold.py took 1.950 seconds
[2025-09-21T07:16:26.624+0000] {processor.py:157} INFO - Started process (PID=2844) to work on /opt/airflow/dags/pipeline_silver_to_gold.py
[2025-09-21T07:16:26.626+0000] {processor.py:829} INFO - Processing file /opt/airflow/dags/pipeline_silver_to_gold.py for tasks to queue
[2025-09-21T07:16:26.628+0000] {logging_mixin.py:154} INFO - [2025-09-21T07:16:26.628+0000] {dagbag.py:536} INFO - Filling up the DagBag from /opt/airflow/dags/pipeline_silver_to_gold.py
[2025-09-21T07:16:28.209+0000] {processor.py:839} INFO - DAG(s) dict_keys(['silver_to_gold']) retrieved from /opt/airflow/dags/pipeline_silver_to_gold.py
[2025-09-21T07:16:28.263+0000] {logging_mixin.py:154} INFO - [2025-09-21T07:16:28.262+0000] {dag.py:2941} INFO - Sync 1 DAGs
[2025-09-21T07:16:28.284+0000] {logging_mixin.py:154} INFO - [2025-09-21T07:16:28.283+0000] {dag.py:3722} INFO - Setting next_dagrun for silver_to_gold to None, run_after=None
[2025-09-21T07:16:28.317+0000] {processor.py:179} INFO - Processing /opt/airflow/dags/pipeline_silver_to_gold.py took 1.701 seconds
[2025-09-21T07:16:58.627+0000] {processor.py:157} INFO - Started process (PID=2856) to work on /opt/airflow/dags/pipeline_silver_to_gold.py
[2025-09-21T07:16:58.629+0000] {processor.py:829} INFO - Processing file /opt/airflow/dags/pipeline_silver_to_gold.py for tasks to queue
[2025-09-21T07:16:58.630+0000] {logging_mixin.py:154} INFO - [2025-09-21T07:16:58.630+0000] {dagbag.py:536} INFO - Filling up the DagBag from /opt/airflow/dags/pipeline_silver_to_gold.py
[2025-09-21T07:17:00.205+0000] {processor.py:839} INFO - DAG(s) dict_keys(['silver_to_gold']) retrieved from /opt/airflow/dags/pipeline_silver_to_gold.py
[2025-09-21T07:17:00.267+0000] {logging_mixin.py:154} INFO - [2025-09-21T07:17:00.266+0000] {dag.py:2941} INFO - Sync 1 DAGs
[2025-09-21T07:17:00.298+0000] {logging_mixin.py:154} INFO - [2025-09-21T07:17:00.297+0000] {dag.py:3722} INFO - Setting next_dagrun for silver_to_gold to None, run_after=None
[2025-09-21T07:17:00.334+0000] {processor.py:179} INFO - Processing /opt/airflow/dags/pipeline_silver_to_gold.py took 1.712 seconds
[2025-09-21T07:17:30.628+0000] {processor.py:157} INFO - Started process (PID=2872) to work on /opt/airflow/dags/pipeline_silver_to_gold.py
[2025-09-21T07:17:30.631+0000] {processor.py:829} INFO - Processing file /opt/airflow/dags/pipeline_silver_to_gold.py for tasks to queue
[2025-09-21T07:17:30.632+0000] {logging_mixin.py:154} INFO - [2025-09-21T07:17:30.632+0000] {dagbag.py:536} INFO - Filling up the DagBag from /opt/airflow/dags/pipeline_silver_to_gold.py
[2025-09-21T07:17:33.752+0000] {processor.py:839} INFO - DAG(s) dict_keys(['silver_to_gold']) retrieved from /opt/airflow/dags/pipeline_silver_to_gold.py
[2025-09-21T07:17:33.809+0000] {logging_mixin.py:154} INFO - [2025-09-21T07:17:33.809+0000] {dag.py:2941} INFO - Sync 1 DAGs
[2025-09-21T07:17:33.884+0000] {logging_mixin.py:154} INFO - [2025-09-21T07:17:33.883+0000] {dag.py:3722} INFO - Setting next_dagrun for silver_to_gold to None, run_after=None
[2025-09-21T07:17:33.949+0000] {processor.py:179} INFO - Processing /opt/airflow/dags/pipeline_silver_to_gold.py took 3.326 seconds
[2025-09-21T07:18:04.298+0000] {processor.py:157} INFO - Started process (PID=2884) to work on /opt/airflow/dags/pipeline_silver_to_gold.py
[2025-09-21T07:18:04.301+0000] {processor.py:829} INFO - Processing file /opt/airflow/dags/pipeline_silver_to_gold.py for tasks to queue
[2025-09-21T07:18:04.303+0000] {logging_mixin.py:154} INFO - [2025-09-21T07:18:04.302+0000] {dagbag.py:536} INFO - Filling up the DagBag from /opt/airflow/dags/pipeline_silver_to_gold.py
[2025-09-21T07:18:05.839+0000] {processor.py:839} INFO - DAG(s) dict_keys(['silver_to_gold']) retrieved from /opt/airflow/dags/pipeline_silver_to_gold.py
[2025-09-21T07:18:05.887+0000] {logging_mixin.py:154} INFO - [2025-09-21T07:18:05.886+0000] {dag.py:2941} INFO - Sync 1 DAGs
[2025-09-21T07:18:05.907+0000] {logging_mixin.py:154} INFO - [2025-09-21T07:18:05.906+0000] {dag.py:3722} INFO - Setting next_dagrun for silver_to_gold to None, run_after=None
[2025-09-21T07:18:05.936+0000] {processor.py:179} INFO - Processing /opt/airflow/dags/pipeline_silver_to_gold.py took 1.644 seconds
[2025-09-21T07:18:36.207+0000] {processor.py:157} INFO - Started process (PID=2896) to work on /opt/airflow/dags/pipeline_silver_to_gold.py
[2025-09-21T07:18:36.208+0000] {processor.py:829} INFO - Processing file /opt/airflow/dags/pipeline_silver_to_gold.py for tasks to queue
[2025-09-21T07:18:36.210+0000] {logging_mixin.py:154} INFO - [2025-09-21T07:18:36.209+0000] {dagbag.py:536} INFO - Filling up the DagBag from /opt/airflow/dags/pipeline_silver_to_gold.py
[2025-09-21T07:18:37.738+0000] {processor.py:839} INFO - DAG(s) dict_keys(['silver_to_gold']) retrieved from /opt/airflow/dags/pipeline_silver_to_gold.py
[2025-09-21T07:18:37.832+0000] {logging_mixin.py:154} INFO - [2025-09-21T07:18:37.831+0000] {dag.py:2941} INFO - Sync 1 DAGs
[2025-09-21T07:18:37.871+0000] {logging_mixin.py:154} INFO - [2025-09-21T07:18:37.871+0000] {dag.py:3722} INFO - Setting next_dagrun for silver_to_gold to None, run_after=None
[2025-09-21T07:18:37.910+0000] {processor.py:179} INFO - Processing /opt/airflow/dags/pipeline_silver_to_gold.py took 1.709 seconds
[2025-09-21T07:19:08.190+0000] {processor.py:157} INFO - Started process (PID=2904) to work on /opt/airflow/dags/pipeline_silver_to_gold.py
[2025-09-21T07:19:08.193+0000] {processor.py:829} INFO - Processing file /opt/airflow/dags/pipeline_silver_to_gold.py for tasks to queue
[2025-09-21T07:19:08.196+0000] {logging_mixin.py:154} INFO - [2025-09-21T07:19:08.195+0000] {dagbag.py:536} INFO - Filling up the DagBag from /opt/airflow/dags/pipeline_silver_to_gold.py
[2025-09-21T07:19:09.992+0000] {processor.py:839} INFO - DAG(s) dict_keys(['silver_to_gold']) retrieved from /opt/airflow/dags/pipeline_silver_to_gold.py
[2025-09-21T07:19:10.130+0000] {logging_mixin.py:154} INFO - [2025-09-21T07:19:10.129+0000] {dag.py:2941} INFO - Sync 1 DAGs
[2025-09-21T07:19:10.155+0000] {logging_mixin.py:154} INFO - [2025-09-21T07:19:10.155+0000] {dag.py:3722} INFO - Setting next_dagrun for silver_to_gold to None, run_after=None
[2025-09-21T07:19:10.200+0000] {processor.py:179} INFO - Processing /opt/airflow/dags/pipeline_silver_to_gold.py took 2.018 seconds
[2025-09-21T07:19:40.579+0000] {processor.py:157} INFO - Started process (PID=2916) to work on /opt/airflow/dags/pipeline_silver_to_gold.py
[2025-09-21T07:19:40.581+0000] {processor.py:829} INFO - Processing file /opt/airflow/dags/pipeline_silver_to_gold.py for tasks to queue
[2025-09-21T07:19:40.583+0000] {logging_mixin.py:154} INFO - [2025-09-21T07:19:40.582+0000] {dagbag.py:536} INFO - Filling up the DagBag from /opt/airflow/dags/pipeline_silver_to_gold.py
[2025-09-21T07:19:42.254+0000] {processor.py:839} INFO - DAG(s) dict_keys(['silver_to_gold']) retrieved from /opt/airflow/dags/pipeline_silver_to_gold.py
[2025-09-21T07:19:42.304+0000] {logging_mixin.py:154} INFO - [2025-09-21T07:19:42.303+0000] {dag.py:2941} INFO - Sync 1 DAGs
[2025-09-21T07:19:42.327+0000] {logging_mixin.py:154} INFO - [2025-09-21T07:19:42.326+0000] {dag.py:3722} INFO - Setting next_dagrun for silver_to_gold to None, run_after=None
[2025-09-21T07:19:42.361+0000] {processor.py:179} INFO - Processing /opt/airflow/dags/pipeline_silver_to_gold.py took 1.788 seconds
[2025-09-21T07:20:12.665+0000] {processor.py:157} INFO - Started process (PID=2928) to work on /opt/airflow/dags/pipeline_silver_to_gold.py
[2025-09-21T07:20:12.667+0000] {processor.py:829} INFO - Processing file /opt/airflow/dags/pipeline_silver_to_gold.py for tasks to queue
[2025-09-21T07:20:12.668+0000] {logging_mixin.py:154} INFO - [2025-09-21T07:20:12.668+0000] {dagbag.py:536} INFO - Filling up the DagBag from /opt/airflow/dags/pipeline_silver_to_gold.py
[2025-09-21T07:20:14.280+0000] {processor.py:839} INFO - DAG(s) dict_keys(['silver_to_gold']) retrieved from /opt/airflow/dags/pipeline_silver_to_gold.py
[2025-09-21T07:20:14.325+0000] {logging_mixin.py:154} INFO - [2025-09-21T07:20:14.324+0000] {dag.py:2941} INFO - Sync 1 DAGs
[2025-09-21T07:20:14.366+0000] {logging_mixin.py:154} INFO - [2025-09-21T07:20:14.366+0000] {dag.py:3722} INFO - Setting next_dagrun for silver_to_gold to None, run_after=None
[2025-09-21T07:20:14.437+0000] {processor.py:179} INFO - Processing /opt/airflow/dags/pipeline_silver_to_gold.py took 1.779 seconds
[2025-09-21T07:20:44.631+0000] {processor.py:157} INFO - Started process (PID=2940) to work on /opt/airflow/dags/pipeline_silver_to_gold.py
[2025-09-21T07:20:44.636+0000] {processor.py:829} INFO - Processing file /opt/airflow/dags/pipeline_silver_to_gold.py for tasks to queue
[2025-09-21T07:20:44.641+0000] {logging_mixin.py:154} INFO - [2025-09-21T07:20:44.640+0000] {dagbag.py:536} INFO - Filling up the DagBag from /opt/airflow/dags/pipeline_silver_to_gold.py
[2025-09-21T07:20:46.321+0000] {processor.py:839} INFO - DAG(s) dict_keys(['silver_to_gold']) retrieved from /opt/airflow/dags/pipeline_silver_to_gold.py
[2025-09-21T07:20:46.413+0000] {logging_mixin.py:154} INFO - [2025-09-21T07:20:46.412+0000] {dag.py:2941} INFO - Sync 1 DAGs
[2025-09-21T07:20:46.442+0000] {logging_mixin.py:154} INFO - [2025-09-21T07:20:46.441+0000] {dag.py:3722} INFO - Setting next_dagrun for silver_to_gold to None, run_after=None
[2025-09-21T07:20:46.480+0000] {processor.py:179} INFO - Processing /opt/airflow/dags/pipeline_silver_to_gold.py took 1.862 seconds
[2025-09-21T07:21:16.807+0000] {processor.py:157} INFO - Started process (PID=2952) to work on /opt/airflow/dags/pipeline_silver_to_gold.py
[2025-09-21T07:21:16.810+0000] {processor.py:829} INFO - Processing file /opt/airflow/dags/pipeline_silver_to_gold.py for tasks to queue
[2025-09-21T07:21:16.812+0000] {logging_mixin.py:154} INFO - [2025-09-21T07:21:16.811+0000] {dagbag.py:536} INFO - Filling up the DagBag from /opt/airflow/dags/pipeline_silver_to_gold.py
[2025-09-21T07:21:18.801+0000] {processor.py:839} INFO - DAG(s) dict_keys(['silver_to_gold']) retrieved from /opt/airflow/dags/pipeline_silver_to_gold.py
[2025-09-21T07:21:18.849+0000] {logging_mixin.py:154} INFO - [2025-09-21T07:21:18.849+0000] {dag.py:2941} INFO - Sync 1 DAGs
[2025-09-21T07:21:18.870+0000] {logging_mixin.py:154} INFO - [2025-09-21T07:21:18.870+0000] {dag.py:3722} INFO - Setting next_dagrun for silver_to_gold to None, run_after=None
[2025-09-21T07:21:18.900+0000] {processor.py:179} INFO - Processing /opt/airflow/dags/pipeline_silver_to_gold.py took 2.098 seconds
[2025-09-21T07:21:49.232+0000] {processor.py:157} INFO - Started process (PID=2964) to work on /opt/airflow/dags/pipeline_silver_to_gold.py
[2025-09-21T07:21:49.235+0000] {processor.py:829} INFO - Processing file /opt/airflow/dags/pipeline_silver_to_gold.py for tasks to queue
[2025-09-21T07:21:49.236+0000] {logging_mixin.py:154} INFO - [2025-09-21T07:21:49.236+0000] {dagbag.py:536} INFO - Filling up the DagBag from /opt/airflow/dags/pipeline_silver_to_gold.py
[2025-09-21T07:21:51.045+0000] {processor.py:839} INFO - DAG(s) dict_keys(['silver_to_gold']) retrieved from /opt/airflow/dags/pipeline_silver_to_gold.py
[2025-09-21T07:21:51.093+0000] {logging_mixin.py:154} INFO - [2025-09-21T07:21:51.092+0000] {dag.py:2941} INFO - Sync 1 DAGs
[2025-09-21T07:21:51.118+0000] {logging_mixin.py:154} INFO - [2025-09-21T07:21:51.117+0000] {dag.py:3722} INFO - Setting next_dagrun for silver_to_gold to None, run_after=None
[2025-09-21T07:21:51.157+0000] {processor.py:179} INFO - Processing /opt/airflow/dags/pipeline_silver_to_gold.py took 1.933 seconds
[2025-09-21T07:22:21.622+0000] {processor.py:157} INFO - Started process (PID=2976) to work on /opt/airflow/dags/pipeline_silver_to_gold.py
[2025-09-21T07:22:21.627+0000] {processor.py:829} INFO - Processing file /opt/airflow/dags/pipeline_silver_to_gold.py for tasks to queue
[2025-09-21T07:22:21.629+0000] {logging_mixin.py:154} INFO - [2025-09-21T07:22:21.628+0000] {dagbag.py:536} INFO - Filling up the DagBag from /opt/airflow/dags/pipeline_silver_to_gold.py
[2025-09-21T07:22:24.278+0000] {processor.py:839} INFO - DAG(s) dict_keys(['silver_to_gold']) retrieved from /opt/airflow/dags/pipeline_silver_to_gold.py
[2025-09-21T07:22:24.414+0000] {logging_mixin.py:154} INFO - [2025-09-21T07:22:24.412+0000] {dag.py:2941} INFO - Sync 1 DAGs
[2025-09-21T07:22:24.441+0000] {logging_mixin.py:154} INFO - [2025-09-21T07:22:24.441+0000] {dag.py:3722} INFO - Setting next_dagrun for silver_to_gold to None, run_after=None
[2025-09-21T07:22:24.477+0000] {processor.py:179} INFO - Processing /opt/airflow/dags/pipeline_silver_to_gold.py took 2.863 seconds
[2025-09-21T07:22:54.699+0000] {processor.py:157} INFO - Started process (PID=2988) to work on /opt/airflow/dags/pipeline_silver_to_gold.py
[2025-09-21T07:22:54.703+0000] {processor.py:829} INFO - Processing file /opt/airflow/dags/pipeline_silver_to_gold.py for tasks to queue
[2025-09-21T07:22:54.705+0000] {logging_mixin.py:154} INFO - [2025-09-21T07:22:54.705+0000] {dagbag.py:536} INFO - Filling up the DagBag from /opt/airflow/dags/pipeline_silver_to_gold.py
[2025-09-21T07:22:56.263+0000] {processor.py:839} INFO - DAG(s) dict_keys(['silver_to_gold']) retrieved from /opt/airflow/dags/pipeline_silver_to_gold.py
[2025-09-21T07:22:56.355+0000] {logging_mixin.py:154} INFO - [2025-09-21T07:22:56.355+0000] {dag.py:2941} INFO - Sync 1 DAGs
[2025-09-21T07:22:56.380+0000] {logging_mixin.py:154} INFO - [2025-09-21T07:22:56.380+0000] {dag.py:3722} INFO - Setting next_dagrun for silver_to_gold to None, run_after=None
[2025-09-21T07:22:56.421+0000] {processor.py:179} INFO - Processing /opt/airflow/dags/pipeline_silver_to_gold.py took 1.728 seconds
[2025-09-21T07:23:26.829+0000] {processor.py:157} INFO - Started process (PID=3000) to work on /opt/airflow/dags/pipeline_silver_to_gold.py
[2025-09-21T07:23:26.838+0000] {processor.py:829} INFO - Processing file /opt/airflow/dags/pipeline_silver_to_gold.py for tasks to queue
[2025-09-21T07:23:26.931+0000] {logging_mixin.py:154} INFO - [2025-09-21T07:23:26.929+0000] {dagbag.py:536} INFO - Filling up the DagBag from /opt/airflow/dags/pipeline_silver_to_gold.py
[2025-09-21T07:23:32.387+0000] {processor.py:839} INFO - DAG(s) dict_keys(['silver_to_gold']) retrieved from /opt/airflow/dags/pipeline_silver_to_gold.py
[2025-09-21T07:23:32.455+0000] {logging_mixin.py:154} INFO - [2025-09-21T07:23:32.455+0000] {dag.py:2941} INFO - Sync 1 DAGs
[2025-09-21T07:23:32.540+0000] {logging_mixin.py:154} INFO - [2025-09-21T07:23:32.540+0000] {dag.py:3722} INFO - Setting next_dagrun for silver_to_gold to None, run_after=None
[2025-09-21T07:23:32.581+0000] {processor.py:179} INFO - Processing /opt/airflow/dags/pipeline_silver_to_gold.py took 5.803 seconds
[2025-09-21T07:24:03.016+0000] {processor.py:157} INFO - Started process (PID=3012) to work on /opt/airflow/dags/pipeline_silver_to_gold.py
[2025-09-21T07:24:03.021+0000] {processor.py:829} INFO - Processing file /opt/airflow/dags/pipeline_silver_to_gold.py for tasks to queue
[2025-09-21T07:24:03.024+0000] {logging_mixin.py:154} INFO - [2025-09-21T07:24:03.023+0000] {dagbag.py:536} INFO - Filling up the DagBag from /opt/airflow/dags/pipeline_silver_to_gold.py
[2025-09-21T07:24:08.470+0000] {processor.py:839} INFO - DAG(s) dict_keys(['silver_to_gold']) retrieved from /opt/airflow/dags/pipeline_silver_to_gold.py
[2025-09-21T07:24:08.514+0000] {logging_mixin.py:154} INFO - [2025-09-21T07:24:08.513+0000] {dag.py:2941} INFO - Sync 1 DAGs
[2025-09-21T07:24:08.533+0000] {logging_mixin.py:154} INFO - [2025-09-21T07:24:08.533+0000] {dag.py:3722} INFO - Setting next_dagrun for silver_to_gold to None, run_after=None
[2025-09-21T07:24:08.568+0000] {processor.py:179} INFO - Processing /opt/airflow/dags/pipeline_silver_to_gold.py took 5.568 seconds
[2025-09-21T07:24:38.959+0000] {processor.py:157} INFO - Started process (PID=3024) to work on /opt/airflow/dags/pipeline_silver_to_gold.py
[2025-09-21T07:24:38.966+0000] {processor.py:829} INFO - Processing file /opt/airflow/dags/pipeline_silver_to_gold.py for tasks to queue
[2025-09-21T07:24:38.970+0000] {logging_mixin.py:154} INFO - [2025-09-21T07:24:38.969+0000] {dagbag.py:536} INFO - Filling up the DagBag from /opt/airflow/dags/pipeline_silver_to_gold.py
[2025-09-21T07:24:45.168+0000] {processor.py:839} INFO - DAG(s) dict_keys(['silver_to_gold']) retrieved from /opt/airflow/dags/pipeline_silver_to_gold.py
[2025-09-21T07:24:45.870+0000] {logging_mixin.py:154} INFO - [2025-09-21T07:24:45.861+0000] {dag.py:2941} INFO - Sync 1 DAGs
[2025-09-21T07:24:46.354+0000] {logging_mixin.py:154} INFO - [2025-09-21T07:24:46.353+0000] {dag.py:3722} INFO - Setting next_dagrun for silver_to_gold to None, run_after=None
[2025-09-21T07:24:46.937+0000] {processor.py:179} INFO - Processing /opt/airflow/dags/pipeline_silver_to_gold.py took 7.993 seconds
[2025-09-21T07:25:17.741+0000] {processor.py:157} INFO - Started process (PID=3040) to work on /opt/airflow/dags/pipeline_silver_to_gold.py
[2025-09-21T07:25:17.746+0000] {processor.py:829} INFO - Processing file /opt/airflow/dags/pipeline_silver_to_gold.py for tasks to queue
[2025-09-21T07:25:17.759+0000] {logging_mixin.py:154} INFO - [2025-09-21T07:25:17.758+0000] {dagbag.py:536} INFO - Filling up the DagBag from /opt/airflow/dags/pipeline_silver_to_gold.py
[2025-09-21T07:25:23.191+0000] {processor.py:839} INFO - DAG(s) dict_keys(['silver_to_gold']) retrieved from /opt/airflow/dags/pipeline_silver_to_gold.py
[2025-09-21T07:25:23.378+0000] {logging_mixin.py:154} INFO - [2025-09-21T07:25:23.376+0000] {dag.py:2941} INFO - Sync 1 DAGs
[2025-09-21T07:25:23.468+0000] {logging_mixin.py:154} INFO - [2025-09-21T07:25:23.467+0000] {dag.py:3722} INFO - Setting next_dagrun for silver_to_gold to None, run_after=None
[2025-09-21T07:25:23.630+0000] {processor.py:179} INFO - Processing /opt/airflow/dags/pipeline_silver_to_gold.py took 5.937 seconds
[2025-09-21T07:25:54.260+0000] {processor.py:157} INFO - Started process (PID=3051) to work on /opt/airflow/dags/pipeline_silver_to_gold.py
[2025-09-21T07:25:54.279+0000] {processor.py:829} INFO - Processing file /opt/airflow/dags/pipeline_silver_to_gold.py for tasks to queue
[2025-09-21T07:25:54.287+0000] {logging_mixin.py:154} INFO - [2025-09-21T07:25:54.286+0000] {dagbag.py:536} INFO - Filling up the DagBag from /opt/airflow/dags/pipeline_silver_to_gold.py
[2025-09-21T07:26:00.455+0000] {processor.py:839} INFO - DAG(s) dict_keys(['silver_to_gold']) retrieved from /opt/airflow/dags/pipeline_silver_to_gold.py
[2025-09-21T07:26:00.654+0000] {logging_mixin.py:154} INFO - [2025-09-21T07:26:00.650+0000] {dag.py:2941} INFO - Sync 1 DAGs
[2025-09-21T07:26:00.804+0000] {logging_mixin.py:154} INFO - [2025-09-21T07:26:00.803+0000] {dag.py:3722} INFO - Setting next_dagrun for silver_to_gold to None, run_after=None
[2025-09-21T07:26:00.895+0000] {processor.py:179} INFO - Processing /opt/airflow/dags/pipeline_silver_to_gold.py took 6.767 seconds
[2025-09-21T07:33:16.605+0000] {processor.py:157} INFO - Started process (PID=3063) to work on /opt/airflow/dags/pipeline_silver_to_gold.py
[2025-09-21T07:33:16.948+0000] {processor.py:829} INFO - Processing file /opt/airflow/dags/pipeline_silver_to_gold.py for tasks to queue
[2025-09-21T07:33:17.358+0000] {logging_mixin.py:154} INFO - [2025-09-21T07:33:17.275+0000] {dagbag.py:536} INFO - Filling up the DagBag from /opt/airflow/dags/pipeline_silver_to_gold.py
[2025-09-21T07:33:29.868+0000] {processor.py:839} INFO - DAG(s) dict_keys(['silver_to_gold']) retrieved from /opt/airflow/dags/pipeline_silver_to_gold.py
[2025-09-21T07:33:29.995+0000] {logging_mixin.py:154} INFO - [2025-09-21T07:33:29.993+0000] {dag.py:2941} INFO - Sync 1 DAGs
[2025-09-21T07:33:30.122+0000] {logging_mixin.py:154} INFO - [2025-09-21T07:33:30.114+0000] {dag.py:3722} INFO - Setting next_dagrun for silver_to_gold to None, run_after=None
[2025-09-21T07:33:30.262+0000] {processor.py:179} INFO - Processing /opt/airflow/dags/pipeline_silver_to_gold.py took 15.142 seconds
