[2025-09-21T01:43:40.503+0000] {processor.py:157} INFO - Started process (PID=2556) to work on /opt/airflow/dags/pipeline_bronze_to_silver.py
[2025-09-21T01:43:40.511+0000] {processor.py:829} INFO - Processing file /opt/airflow/dags/pipeline_bronze_to_silver.py for tasks to queue
[2025-09-21T01:43:40.518+0000] {logging_mixin.py:154} INFO - [2025-09-21T01:43:40.516+0000] {dagbag.py:536} INFO - Filling up the DagBag from /opt/airflow/dags/pipeline_bronze_to_silver.py
[2025-09-21T01:43:57.437+0000] {processor.py:839} INFO - DAG(s) dict_keys(['bronze_to_silver']) retrieved from /opt/airflow/dags/pipeline_bronze_to_silver.py
[2025-09-21T01:43:57.772+0000] {logging_mixin.py:154} INFO - [2025-09-21T01:43:57.768+0000] {dag.py:2941} INFO - Sync 1 DAGs
[2025-09-21T01:43:57.892+0000] {logging_mixin.py:154} INFO - [2025-09-21T01:43:57.891+0000] {dag.py:3722} INFO - Setting next_dagrun for bronze_to_silver to None, run_after=None
[2025-09-21T01:43:57.947+0000] {processor.py:179} INFO - Processing /opt/airflow/dags/pipeline_bronze_to_silver.py took 17.483 seconds
[2025-09-21T06:26:07.183+0000] {processor.py:157} INFO - Started process (PID=2575) to work on /opt/airflow/dags/pipeline_bronze_to_silver.py
[2025-09-21T06:26:07.214+0000] {processor.py:829} INFO - Processing file /opt/airflow/dags/pipeline_bronze_to_silver.py for tasks to queue
[2025-09-21T06:26:07.216+0000] {logging_mixin.py:154} INFO - [2025-09-21T06:26:07.215+0000] {dagbag.py:536} INFO - Filling up the DagBag from /opt/airflow/dags/pipeline_bronze_to_silver.py
[2025-09-21T06:26:10.930+0000] {processor.py:839} INFO - DAG(s) dict_keys(['bronze_to_silver']) retrieved from /opt/airflow/dags/pipeline_bronze_to_silver.py
[2025-09-21T06:26:11.055+0000] {logging_mixin.py:154} INFO - [2025-09-21T06:26:11.054+0000] {dag.py:2941} INFO - Sync 1 DAGs
[2025-09-21T06:26:11.077+0000] {logging_mixin.py:154} INFO - [2025-09-21T06:26:11.077+0000] {dag.py:3722} INFO - Setting next_dagrun for bronze_to_silver to None, run_after=None
[2025-09-21T06:26:11.114+0000] {processor.py:179} INFO - Processing /opt/airflow/dags/pipeline_bronze_to_silver.py took 3.954 seconds
[2025-09-21T07:05:03.718+0000] {processor.py:157} INFO - Started process (PID=2595) to work on /opt/airflow/dags/pipeline_bronze_to_silver.py
[2025-09-21T07:05:03.724+0000] {processor.py:829} INFO - Processing file /opt/airflow/dags/pipeline_bronze_to_silver.py for tasks to queue
[2025-09-21T07:05:03.727+0000] {logging_mixin.py:154} INFO - [2025-09-21T07:05:03.726+0000] {dagbag.py:536} INFO - Filling up the DagBag from /opt/airflow/dags/pipeline_bronze_to_silver.py
[2025-09-21T07:05:11.558+0000] {processor.py:839} INFO - DAG(s) dict_keys(['bronze_to_silver']) retrieved from /opt/airflow/dags/pipeline_bronze_to_silver.py
[2025-09-21T07:05:11.672+0000] {logging_mixin.py:154} INFO - [2025-09-21T07:05:11.671+0000] {dag.py:2941} INFO - Sync 1 DAGs
[2025-09-21T07:05:11.702+0000] {logging_mixin.py:154} INFO - [2025-09-21T07:05:11.702+0000] {dag.py:3722} INFO - Setting next_dagrun for bronze_to_silver to None, run_after=None
[2025-09-21T07:05:11.733+0000] {processor.py:179} INFO - Processing /opt/airflow/dags/pipeline_bronze_to_silver.py took 8.039 seconds
[2025-09-21T07:05:41.953+0000] {processor.py:157} INFO - Started process (PID=2607) to work on /opt/airflow/dags/pipeline_bronze_to_silver.py
[2025-09-21T07:05:41.955+0000] {processor.py:829} INFO - Processing file /opt/airflow/dags/pipeline_bronze_to_silver.py for tasks to queue
[2025-09-21T07:05:41.957+0000] {logging_mixin.py:154} INFO - [2025-09-21T07:05:41.956+0000] {dagbag.py:536} INFO - Filling up the DagBag from /opt/airflow/dags/pipeline_bronze_to_silver.py
[2025-09-21T07:05:43.783+0000] {processor.py:839} INFO - DAG(s) dict_keys(['bronze_to_silver']) retrieved from /opt/airflow/dags/pipeline_bronze_to_silver.py
[2025-09-21T07:05:43.837+0000] {logging_mixin.py:154} INFO - [2025-09-21T07:05:43.836+0000] {dag.py:2941} INFO - Sync 1 DAGs
[2025-09-21T07:05:43.856+0000] {logging_mixin.py:154} INFO - [2025-09-21T07:05:43.856+0000] {dag.py:3722} INFO - Setting next_dagrun for bronze_to_silver to None, run_after=None
[2025-09-21T07:05:43.888+0000] {processor.py:179} INFO - Processing /opt/airflow/dags/pipeline_bronze_to_silver.py took 1.940 seconds
[2025-09-21T07:06:14.129+0000] {processor.py:157} INFO - Started process (PID=2620) to work on /opt/airflow/dags/pipeline_bronze_to_silver.py
[2025-09-21T07:06:14.131+0000] {processor.py:829} INFO - Processing file /opt/airflow/dags/pipeline_bronze_to_silver.py for tasks to queue
[2025-09-21T07:06:14.133+0000] {logging_mixin.py:154} INFO - [2025-09-21T07:06:14.132+0000] {dagbag.py:536} INFO - Filling up the DagBag from /opt/airflow/dags/pipeline_bronze_to_silver.py
[2025-09-21T07:06:16.339+0000] {processor.py:839} INFO - DAG(s) dict_keys(['bronze_to_silver']) retrieved from /opt/airflow/dags/pipeline_bronze_to_silver.py
[2025-09-21T07:06:16.384+0000] {logging_mixin.py:154} INFO - [2025-09-21T07:06:16.383+0000] {dag.py:2941} INFO - Sync 1 DAGs
[2025-09-21T07:06:16.404+0000] {logging_mixin.py:154} INFO - [2025-09-21T07:06:16.404+0000] {dag.py:3722} INFO - Setting next_dagrun for bronze_to_silver to None, run_after=None
[2025-09-21T07:06:16.458+0000] {processor.py:179} INFO - Processing /opt/airflow/dags/pipeline_bronze_to_silver.py took 2.335 seconds
[2025-09-21T07:06:46.800+0000] {processor.py:157} INFO - Started process (PID=2632) to work on /opt/airflow/dags/pipeline_bronze_to_silver.py
[2025-09-21T07:06:46.803+0000] {processor.py:829} INFO - Processing file /opt/airflow/dags/pipeline_bronze_to_silver.py for tasks to queue
[2025-09-21T07:06:46.805+0000] {logging_mixin.py:154} INFO - [2025-09-21T07:06:46.805+0000] {dagbag.py:536} INFO - Filling up the DagBag from /opt/airflow/dags/pipeline_bronze_to_silver.py
[2025-09-21T07:06:48.626+0000] {processor.py:839} INFO - DAG(s) dict_keys(['bronze_to_silver']) retrieved from /opt/airflow/dags/pipeline_bronze_to_silver.py
[2025-09-21T07:06:48.675+0000] {logging_mixin.py:154} INFO - [2025-09-21T07:06:48.672+0000] {dag.py:2941} INFO - Sync 1 DAGs
[2025-09-21T07:06:48.693+0000] {logging_mixin.py:154} INFO - [2025-09-21T07:06:48.692+0000] {dag.py:3722} INFO - Setting next_dagrun for bronze_to_silver to None, run_after=None
[2025-09-21T07:06:48.723+0000] {processor.py:179} INFO - Processing /opt/airflow/dags/pipeline_bronze_to_silver.py took 1.929 seconds
[2025-09-21T07:07:19.030+0000] {processor.py:157} INFO - Started process (PID=2644) to work on /opt/airflow/dags/pipeline_bronze_to_silver.py
[2025-09-21T07:07:19.032+0000] {processor.py:829} INFO - Processing file /opt/airflow/dags/pipeline_bronze_to_silver.py for tasks to queue
[2025-09-21T07:07:19.033+0000] {logging_mixin.py:154} INFO - [2025-09-21T07:07:19.033+0000] {dagbag.py:536} INFO - Filling up the DagBag from /opt/airflow/dags/pipeline_bronze_to_silver.py
[2025-09-21T07:07:20.530+0000] {processor.py:839} INFO - DAG(s) dict_keys(['bronze_to_silver']) retrieved from /opt/airflow/dags/pipeline_bronze_to_silver.py
[2025-09-21T07:07:20.574+0000] {logging_mixin.py:154} INFO - [2025-09-21T07:07:20.573+0000] {dag.py:2941} INFO - Sync 1 DAGs
[2025-09-21T07:07:20.593+0000] {logging_mixin.py:154} INFO - [2025-09-21T07:07:20.593+0000] {dag.py:3722} INFO - Setting next_dagrun for bronze_to_silver to None, run_after=None
[2025-09-21T07:07:20.626+0000] {processor.py:179} INFO - Processing /opt/airflow/dags/pipeline_bronze_to_silver.py took 1.603 seconds
[2025-09-21T07:07:50.929+0000] {processor.py:157} INFO - Started process (PID=2656) to work on /opt/airflow/dags/pipeline_bronze_to_silver.py
[2025-09-21T07:07:50.930+0000] {processor.py:829} INFO - Processing file /opt/airflow/dags/pipeline_bronze_to_silver.py for tasks to queue
[2025-09-21T07:07:50.932+0000] {logging_mixin.py:154} INFO - [2025-09-21T07:07:50.931+0000] {dagbag.py:536} INFO - Filling up the DagBag from /opt/airflow/dags/pipeline_bronze_to_silver.py
[2025-09-21T07:07:52.368+0000] {processor.py:839} INFO - DAG(s) dict_keys(['bronze_to_silver']) retrieved from /opt/airflow/dags/pipeline_bronze_to_silver.py
[2025-09-21T07:07:52.431+0000] {logging_mixin.py:154} INFO - [2025-09-21T07:07:52.430+0000] {dag.py:2941} INFO - Sync 1 DAGs
[2025-09-21T07:07:52.459+0000] {logging_mixin.py:154} INFO - [2025-09-21T07:07:52.459+0000] {dag.py:3722} INFO - Setting next_dagrun for bronze_to_silver to None, run_after=None
[2025-09-21T07:07:52.492+0000] {processor.py:179} INFO - Processing /opt/airflow/dags/pipeline_bronze_to_silver.py took 1.569 seconds
[2025-09-21T07:08:22.693+0000] {processor.py:157} INFO - Started process (PID=2668) to work on /opt/airflow/dags/pipeline_bronze_to_silver.py
[2025-09-21T07:08:22.694+0000] {processor.py:829} INFO - Processing file /opt/airflow/dags/pipeline_bronze_to_silver.py for tasks to queue
[2025-09-21T07:08:22.696+0000] {logging_mixin.py:154} INFO - [2025-09-21T07:08:22.695+0000] {dagbag.py:536} INFO - Filling up the DagBag from /opt/airflow/dags/pipeline_bronze_to_silver.py
[2025-09-21T07:08:24.148+0000] {processor.py:839} INFO - DAG(s) dict_keys(['bronze_to_silver']) retrieved from /opt/airflow/dags/pipeline_bronze_to_silver.py
[2025-09-21T07:08:24.198+0000] {logging_mixin.py:154} INFO - [2025-09-21T07:08:24.197+0000] {dag.py:2941} INFO - Sync 1 DAGs
[2025-09-21T07:08:24.219+0000] {logging_mixin.py:154} INFO - [2025-09-21T07:08:24.219+0000] {dag.py:3722} INFO - Setting next_dagrun for bronze_to_silver to None, run_after=None
[2025-09-21T07:08:24.257+0000] {processor.py:179} INFO - Processing /opt/airflow/dags/pipeline_bronze_to_silver.py took 1.570 seconds
[2025-09-21T07:08:54.399+0000] {processor.py:157} INFO - Started process (PID=2680) to work on /opt/airflow/dags/pipeline_bronze_to_silver.py
[2025-09-21T07:08:54.401+0000] {processor.py:829} INFO - Processing file /opt/airflow/dags/pipeline_bronze_to_silver.py for tasks to queue
[2025-09-21T07:08:54.402+0000] {logging_mixin.py:154} INFO - [2025-09-21T07:08:54.402+0000] {dagbag.py:536} INFO - Filling up the DagBag from /opt/airflow/dags/pipeline_bronze_to_silver.py
[2025-09-21T07:08:55.530+0000] {processor.py:839} INFO - DAG(s) dict_keys(['bronze_to_silver']) retrieved from /opt/airflow/dags/pipeline_bronze_to_silver.py
[2025-09-21T07:08:55.608+0000] {logging_mixin.py:154} INFO - [2025-09-21T07:08:55.607+0000] {dag.py:2941} INFO - Sync 1 DAGs
[2025-09-21T07:08:55.627+0000] {logging_mixin.py:154} INFO - [2025-09-21T07:08:55.626+0000] {dag.py:3722} INFO - Setting next_dagrun for bronze_to_silver to None, run_after=None
[2025-09-21T07:08:55.657+0000] {processor.py:179} INFO - Processing /opt/airflow/dags/pipeline_bronze_to_silver.py took 1.264 seconds
[2025-09-21T07:09:25.840+0000] {processor.py:157} INFO - Started process (PID=2691) to work on /opt/airflow/dags/pipeline_bronze_to_silver.py
[2025-09-21T07:09:25.842+0000] {processor.py:829} INFO - Processing file /opt/airflow/dags/pipeline_bronze_to_silver.py for tasks to queue
[2025-09-21T07:09:25.843+0000] {logging_mixin.py:154} INFO - [2025-09-21T07:09:25.843+0000] {dagbag.py:536} INFO - Filling up the DagBag from /opt/airflow/dags/pipeline_bronze_to_silver.py
[2025-09-21T07:09:27.314+0000] {processor.py:839} INFO - DAG(s) dict_keys(['bronze_to_silver']) retrieved from /opt/airflow/dags/pipeline_bronze_to_silver.py
[2025-09-21T07:09:27.410+0000] {logging_mixin.py:154} INFO - [2025-09-21T07:09:27.404+0000] {dag.py:2941} INFO - Sync 1 DAGs
[2025-09-21T07:09:27.462+0000] {logging_mixin.py:154} INFO - [2025-09-21T07:09:27.462+0000] {dag.py:3722} INFO - Setting next_dagrun for bronze_to_silver to None, run_after=None
[2025-09-21T07:09:27.499+0000] {processor.py:179} INFO - Processing /opt/airflow/dags/pipeline_bronze_to_silver.py took 1.665 seconds
[2025-09-21T07:09:57.753+0000] {processor.py:157} INFO - Started process (PID=2703) to work on /opt/airflow/dags/pipeline_bronze_to_silver.py
[2025-09-21T07:09:57.755+0000] {processor.py:829} INFO - Processing file /opt/airflow/dags/pipeline_bronze_to_silver.py for tasks to queue
[2025-09-21T07:09:57.756+0000] {logging_mixin.py:154} INFO - [2025-09-21T07:09:57.756+0000] {dagbag.py:536} INFO - Filling up the DagBag from /opt/airflow/dags/pipeline_bronze_to_silver.py
[2025-09-21T07:09:59.255+0000] {processor.py:839} INFO - DAG(s) dict_keys(['bronze_to_silver']) retrieved from /opt/airflow/dags/pipeline_bronze_to_silver.py
[2025-09-21T07:09:59.417+0000] {logging_mixin.py:154} INFO - [2025-09-21T07:09:59.416+0000] {dag.py:2941} INFO - Sync 1 DAGs
[2025-09-21T07:09:59.448+0000] {logging_mixin.py:154} INFO - [2025-09-21T07:09:59.448+0000] {dag.py:3722} INFO - Setting next_dagrun for bronze_to_silver to None, run_after=None
[2025-09-21T07:09:59.495+0000] {processor.py:179} INFO - Processing /opt/airflow/dags/pipeline_bronze_to_silver.py took 1.747 seconds
[2025-09-21T07:10:29.653+0000] {processor.py:157} INFO - Started process (PID=2715) to work on /opt/airflow/dags/pipeline_bronze_to_silver.py
[2025-09-21T07:10:29.655+0000] {processor.py:829} INFO - Processing file /opt/airflow/dags/pipeline_bronze_to_silver.py for tasks to queue
[2025-09-21T07:10:29.657+0000] {logging_mixin.py:154} INFO - [2025-09-21T07:10:29.656+0000] {dagbag.py:536} INFO - Filling up the DagBag from /opt/airflow/dags/pipeline_bronze_to_silver.py
[2025-09-21T07:10:31.287+0000] {processor.py:839} INFO - DAG(s) dict_keys(['bronze_to_silver']) retrieved from /opt/airflow/dags/pipeline_bronze_to_silver.py
[2025-09-21T07:10:31.345+0000] {logging_mixin.py:154} INFO - [2025-09-21T07:10:31.344+0000] {dag.py:2941} INFO - Sync 1 DAGs
[2025-09-21T07:10:31.367+0000] {logging_mixin.py:154} INFO - [2025-09-21T07:10:31.366+0000] {dag.py:3722} INFO - Setting next_dagrun for bronze_to_silver to None, run_after=None
[2025-09-21T07:10:31.402+0000] {processor.py:179} INFO - Processing /opt/airflow/dags/pipeline_bronze_to_silver.py took 1.755 seconds
[2025-09-21T07:11:01.643+0000] {processor.py:157} INFO - Started process (PID=2728) to work on /opt/airflow/dags/pipeline_bronze_to_silver.py
[2025-09-21T07:11:01.646+0000] {processor.py:829} INFO - Processing file /opt/airflow/dags/pipeline_bronze_to_silver.py for tasks to queue
[2025-09-21T07:11:01.647+0000] {logging_mixin.py:154} INFO - [2025-09-21T07:11:01.647+0000] {dagbag.py:536} INFO - Filling up the DagBag from /opt/airflow/dags/pipeline_bronze_to_silver.py
[2025-09-21T07:11:03.711+0000] {processor.py:839} INFO - DAG(s) dict_keys(['bronze_to_silver']) retrieved from /opt/airflow/dags/pipeline_bronze_to_silver.py
[2025-09-21T07:11:03.756+0000] {logging_mixin.py:154} INFO - [2025-09-21T07:11:03.756+0000] {dag.py:2941} INFO - Sync 1 DAGs
[2025-09-21T07:11:03.775+0000] {logging_mixin.py:154} INFO - [2025-09-21T07:11:03.775+0000] {dag.py:3722} INFO - Setting next_dagrun for bronze_to_silver to None, run_after=None
[2025-09-21T07:11:03.804+0000] {processor.py:179} INFO - Processing /opt/airflow/dags/pipeline_bronze_to_silver.py took 2.166 seconds
[2025-09-21T07:11:33.904+0000] {processor.py:157} INFO - Started process (PID=2739) to work on /opt/airflow/dags/pipeline_bronze_to_silver.py
[2025-09-21T07:11:33.905+0000] {processor.py:829} INFO - Processing file /opt/airflow/dags/pipeline_bronze_to_silver.py for tasks to queue
[2025-09-21T07:11:33.907+0000] {logging_mixin.py:154} INFO - [2025-09-21T07:11:33.907+0000] {dagbag.py:536} INFO - Filling up the DagBag from /opt/airflow/dags/pipeline_bronze_to_silver.py
[2025-09-21T07:11:35.353+0000] {processor.py:839} INFO - DAG(s) dict_keys(['bronze_to_silver']) retrieved from /opt/airflow/dags/pipeline_bronze_to_silver.py
[2025-09-21T07:11:35.399+0000] {logging_mixin.py:154} INFO - [2025-09-21T07:11:35.398+0000] {dag.py:2941} INFO - Sync 1 DAGs
[2025-09-21T07:11:35.424+0000] {logging_mixin.py:154} INFO - [2025-09-21T07:11:35.424+0000] {dag.py:3722} INFO - Setting next_dagrun for bronze_to_silver to None, run_after=None
[2025-09-21T07:11:35.456+0000] {processor.py:179} INFO - Processing /opt/airflow/dags/pipeline_bronze_to_silver.py took 1.558 seconds
[2025-09-21T07:12:05.759+0000] {processor.py:157} INFO - Started process (PID=2751) to work on /opt/airflow/dags/pipeline_bronze_to_silver.py
[2025-09-21T07:12:05.761+0000] {processor.py:829} INFO - Processing file /opt/airflow/dags/pipeline_bronze_to_silver.py for tasks to queue
[2025-09-21T07:12:05.763+0000] {logging_mixin.py:154} INFO - [2025-09-21T07:12:05.762+0000] {dagbag.py:536} INFO - Filling up the DagBag from /opt/airflow/dags/pipeline_bronze_to_silver.py
[2025-09-21T07:12:07.746+0000] {processor.py:839} INFO - DAG(s) dict_keys(['bronze_to_silver']) retrieved from /opt/airflow/dags/pipeline_bronze_to_silver.py
[2025-09-21T07:12:07.842+0000] {logging_mixin.py:154} INFO - [2025-09-21T07:12:07.841+0000] {dag.py:2941} INFO - Sync 1 DAGs
[2025-09-21T07:12:07.896+0000] {logging_mixin.py:154} INFO - [2025-09-21T07:12:07.895+0000] {dag.py:3722} INFO - Setting next_dagrun for bronze_to_silver to None, run_after=None
[2025-09-21T07:12:07.944+0000] {processor.py:179} INFO - Processing /opt/airflow/dags/pipeline_bronze_to_silver.py took 2.192 seconds
[2025-09-21T07:12:38.270+0000] {processor.py:157} INFO - Started process (PID=2763) to work on /opt/airflow/dags/pipeline_bronze_to_silver.py
[2025-09-21T07:12:38.271+0000] {processor.py:829} INFO - Processing file /opt/airflow/dags/pipeline_bronze_to_silver.py for tasks to queue
[2025-09-21T07:12:38.273+0000] {logging_mixin.py:154} INFO - [2025-09-21T07:12:38.272+0000] {dagbag.py:536} INFO - Filling up the DagBag from /opt/airflow/dags/pipeline_bronze_to_silver.py
[2025-09-21T07:12:39.997+0000] {processor.py:839} INFO - DAG(s) dict_keys(['bronze_to_silver']) retrieved from /opt/airflow/dags/pipeline_bronze_to_silver.py
[2025-09-21T07:12:40.063+0000] {logging_mixin.py:154} INFO - [2025-09-21T07:12:40.062+0000] {dag.py:2941} INFO - Sync 1 DAGs
[2025-09-21T07:12:40.096+0000] {logging_mixin.py:154} INFO - [2025-09-21T07:12:40.096+0000] {dag.py:3722} INFO - Setting next_dagrun for bronze_to_silver to None, run_after=None
[2025-09-21T07:12:40.162+0000] {processor.py:179} INFO - Processing /opt/airflow/dags/pipeline_bronze_to_silver.py took 1.899 seconds
[2025-09-21T07:13:10.447+0000] {processor.py:157} INFO - Started process (PID=2776) to work on /opt/airflow/dags/pipeline_bronze_to_silver.py
[2025-09-21T07:13:10.449+0000] {processor.py:829} INFO - Processing file /opt/airflow/dags/pipeline_bronze_to_silver.py for tasks to queue
[2025-09-21T07:13:10.450+0000] {logging_mixin.py:154} INFO - [2025-09-21T07:13:10.450+0000] {dagbag.py:536} INFO - Filling up the DagBag from /opt/airflow/dags/pipeline_bronze_to_silver.py
[2025-09-21T07:13:12.723+0000] {processor.py:839} INFO - DAG(s) dict_keys(['bronze_to_silver']) retrieved from /opt/airflow/dags/pipeline_bronze_to_silver.py
[2025-09-21T07:13:12.778+0000] {logging_mixin.py:154} INFO - [2025-09-21T07:13:12.778+0000] {dag.py:2941} INFO - Sync 1 DAGs
[2025-09-21T07:13:12.811+0000] {logging_mixin.py:154} INFO - [2025-09-21T07:13:12.811+0000] {dag.py:3722} INFO - Setting next_dagrun for bronze_to_silver to None, run_after=None
[2025-09-21T07:13:12.842+0000] {processor.py:179} INFO - Processing /opt/airflow/dags/pipeline_bronze_to_silver.py took 2.402 seconds
[2025-09-21T07:13:43.217+0000] {processor.py:157} INFO - Started process (PID=2787) to work on /opt/airflow/dags/pipeline_bronze_to_silver.py
[2025-09-21T07:13:43.219+0000] {processor.py:829} INFO - Processing file /opt/airflow/dags/pipeline_bronze_to_silver.py for tasks to queue
[2025-09-21T07:13:43.220+0000] {logging_mixin.py:154} INFO - [2025-09-21T07:13:43.220+0000] {dagbag.py:536} INFO - Filling up the DagBag from /opt/airflow/dags/pipeline_bronze_to_silver.py
[2025-09-21T07:13:45.246+0000] {processor.py:839} INFO - DAG(s) dict_keys(['bronze_to_silver']) retrieved from /opt/airflow/dags/pipeline_bronze_to_silver.py
[2025-09-21T07:13:45.352+0000] {logging_mixin.py:154} INFO - [2025-09-21T07:13:45.339+0000] {dag.py:2941} INFO - Sync 1 DAGs
[2025-09-21T07:13:45.464+0000] {logging_mixin.py:154} INFO - [2025-09-21T07:13:45.463+0000] {dag.py:3722} INFO - Setting next_dagrun for bronze_to_silver to None, run_after=None
[2025-09-21T07:13:45.508+0000] {processor.py:179} INFO - Processing /opt/airflow/dags/pipeline_bronze_to_silver.py took 2.296 seconds
[2025-09-21T07:14:15.974+0000] {processor.py:157} INFO - Started process (PID=2799) to work on /opt/airflow/dags/pipeline_bronze_to_silver.py
[2025-09-21T07:14:15.976+0000] {processor.py:829} INFO - Processing file /opt/airflow/dags/pipeline_bronze_to_silver.py for tasks to queue
[2025-09-21T07:14:15.978+0000] {logging_mixin.py:154} INFO - [2025-09-21T07:14:15.977+0000] {dagbag.py:536} INFO - Filling up the DagBag from /opt/airflow/dags/pipeline_bronze_to_silver.py
[2025-09-21T07:14:17.930+0000] {processor.py:839} INFO - DAG(s) dict_keys(['bronze_to_silver']) retrieved from /opt/airflow/dags/pipeline_bronze_to_silver.py
[2025-09-21T07:14:18.102+0000] {logging_mixin.py:154} INFO - [2025-09-21T07:14:18.101+0000] {dag.py:2941} INFO - Sync 1 DAGs
[2025-09-21T07:14:18.131+0000] {logging_mixin.py:154} INFO - [2025-09-21T07:14:18.130+0000] {dag.py:3722} INFO - Setting next_dagrun for bronze_to_silver to None, run_after=None
[2025-09-21T07:14:18.170+0000] {processor.py:179} INFO - Processing /opt/airflow/dags/pipeline_bronze_to_silver.py took 2.200 seconds
[2025-09-21T07:14:48.378+0000] {processor.py:157} INFO - Started process (PID=2811) to work on /opt/airflow/dags/pipeline_bronze_to_silver.py
[2025-09-21T07:14:48.380+0000] {processor.py:829} INFO - Processing file /opt/airflow/dags/pipeline_bronze_to_silver.py for tasks to queue
[2025-09-21T07:14:48.381+0000] {logging_mixin.py:154} INFO - [2025-09-21T07:14:48.381+0000] {dagbag.py:536} INFO - Filling up the DagBag from /opt/airflow/dags/pipeline_bronze_to_silver.py
[2025-09-21T07:14:50.216+0000] {processor.py:839} INFO - DAG(s) dict_keys(['bronze_to_silver']) retrieved from /opt/airflow/dags/pipeline_bronze_to_silver.py
[2025-09-21T07:14:50.275+0000] {logging_mixin.py:154} INFO - [2025-09-21T07:14:50.275+0000] {dag.py:2941} INFO - Sync 1 DAGs
[2025-09-21T07:14:50.317+0000] {logging_mixin.py:154} INFO - [2025-09-21T07:14:50.317+0000] {dag.py:3722} INFO - Setting next_dagrun for bronze_to_silver to None, run_after=None
[2025-09-21T07:14:50.354+0000] {processor.py:179} INFO - Processing /opt/airflow/dags/pipeline_bronze_to_silver.py took 1.984 seconds
[2025-09-21T07:15:20.818+0000] {processor.py:157} INFO - Started process (PID=2823) to work on /opt/airflow/dags/pipeline_bronze_to_silver.py
[2025-09-21T07:15:20.819+0000] {processor.py:829} INFO - Processing file /opt/airflow/dags/pipeline_bronze_to_silver.py for tasks to queue
[2025-09-21T07:15:20.821+0000] {logging_mixin.py:154} INFO - [2025-09-21T07:15:20.820+0000] {dagbag.py:536} INFO - Filling up the DagBag from /opt/airflow/dags/pipeline_bronze_to_silver.py
[2025-09-21T07:15:23.893+0000] {processor.py:839} INFO - DAG(s) dict_keys(['bronze_to_silver']) retrieved from /opt/airflow/dags/pipeline_bronze_to_silver.py
[2025-09-21T07:15:23.956+0000] {logging_mixin.py:154} INFO - [2025-09-21T07:15:23.955+0000] {dag.py:2941} INFO - Sync 1 DAGs
[2025-09-21T07:15:24.021+0000] {logging_mixin.py:154} INFO - [2025-09-21T07:15:24.020+0000] {dag.py:3722} INFO - Setting next_dagrun for bronze_to_silver to None, run_after=None
[2025-09-21T07:15:24.075+0000] {processor.py:179} INFO - Processing /opt/airflow/dags/pipeline_bronze_to_silver.py took 3.263 seconds
[2025-09-21T07:15:54.384+0000] {processor.py:157} INFO - Started process (PID=2835) to work on /opt/airflow/dags/pipeline_bronze_to_silver.py
[2025-09-21T07:15:54.386+0000] {processor.py:829} INFO - Processing file /opt/airflow/dags/pipeline_bronze_to_silver.py for tasks to queue
[2025-09-21T07:15:54.388+0000] {logging_mixin.py:154} INFO - [2025-09-21T07:15:54.388+0000] {dagbag.py:536} INFO - Filling up the DagBag from /opt/airflow/dags/pipeline_bronze_to_silver.py
[2025-09-21T07:15:56.126+0000] {processor.py:839} INFO - DAG(s) dict_keys(['bronze_to_silver']) retrieved from /opt/airflow/dags/pipeline_bronze_to_silver.py
[2025-09-21T07:15:56.178+0000] {logging_mixin.py:154} INFO - [2025-09-21T07:15:56.178+0000] {dag.py:2941} INFO - Sync 1 DAGs
[2025-09-21T07:15:56.200+0000] {logging_mixin.py:154} INFO - [2025-09-21T07:15:56.200+0000] {dag.py:3722} INFO - Setting next_dagrun for bronze_to_silver to None, run_after=None
[2025-09-21T07:15:56.233+0000] {processor.py:179} INFO - Processing /opt/airflow/dags/pipeline_bronze_to_silver.py took 1.855 seconds
[2025-09-21T07:16:26.656+0000] {processor.py:157} INFO - Started process (PID=2847) to work on /opt/airflow/dags/pipeline_bronze_to_silver.py
[2025-09-21T07:16:26.658+0000] {processor.py:829} INFO - Processing file /opt/airflow/dags/pipeline_bronze_to_silver.py for tasks to queue
[2025-09-21T07:16:26.660+0000] {logging_mixin.py:154} INFO - [2025-09-21T07:16:26.660+0000] {dagbag.py:536} INFO - Filling up the DagBag from /opt/airflow/dags/pipeline_bronze_to_silver.py
[2025-09-21T07:16:28.342+0000] {processor.py:839} INFO - DAG(s) dict_keys(['bronze_to_silver']) retrieved from /opt/airflow/dags/pipeline_bronze_to_silver.py
[2025-09-21T07:16:28.389+0000] {logging_mixin.py:154} INFO - [2025-09-21T07:16:28.389+0000] {dag.py:2941} INFO - Sync 1 DAGs
[2025-09-21T07:16:28.429+0000] {logging_mixin.py:154} INFO - [2025-09-21T07:16:28.429+0000] {dag.py:3722} INFO - Setting next_dagrun for bronze_to_silver to None, run_after=None
[2025-09-21T07:16:28.464+0000] {processor.py:179} INFO - Processing /opt/airflow/dags/pipeline_bronze_to_silver.py took 1.814 seconds
[2025-09-21T07:16:58.642+0000] {processor.py:157} INFO - Started process (PID=2859) to work on /opt/airflow/dags/pipeline_bronze_to_silver.py
[2025-09-21T07:16:58.644+0000] {processor.py:829} INFO - Processing file /opt/airflow/dags/pipeline_bronze_to_silver.py for tasks to queue
[2025-09-21T07:16:58.645+0000] {logging_mixin.py:154} INFO - [2025-09-21T07:16:58.645+0000] {dagbag.py:536} INFO - Filling up the DagBag from /opt/airflow/dags/pipeline_bronze_to_silver.py
[2025-09-21T07:16:59.879+0000] {processor.py:839} INFO - DAG(s) dict_keys(['bronze_to_silver']) retrieved from /opt/airflow/dags/pipeline_bronze_to_silver.py
[2025-09-21T07:16:59.945+0000] {logging_mixin.py:154} INFO - [2025-09-21T07:16:59.943+0000] {dag.py:2941} INFO - Sync 1 DAGs
[2025-09-21T07:16:59.965+0000] {logging_mixin.py:154} INFO - [2025-09-21T07:16:59.964+0000] {dag.py:3722} INFO - Setting next_dagrun for bronze_to_silver to None, run_after=None
[2025-09-21T07:16:59.997+0000] {processor.py:179} INFO - Processing /opt/airflow/dags/pipeline_bronze_to_silver.py took 1.361 seconds
[2025-09-21T07:17:30.362+0000] {processor.py:157} INFO - Started process (PID=2868) to work on /opt/airflow/dags/pipeline_bronze_to_silver.py
[2025-09-21T07:17:30.364+0000] {processor.py:829} INFO - Processing file /opt/airflow/dags/pipeline_bronze_to_silver.py for tasks to queue
[2025-09-21T07:17:30.365+0000] {logging_mixin.py:154} INFO - [2025-09-21T07:17:30.365+0000] {dagbag.py:536} INFO - Filling up the DagBag from /opt/airflow/dags/pipeline_bronze_to_silver.py
[2025-09-21T07:17:33.418+0000] {processor.py:839} INFO - DAG(s) dict_keys(['bronze_to_silver']) retrieved from /opt/airflow/dags/pipeline_bronze_to_silver.py
[2025-09-21T07:17:33.484+0000] {logging_mixin.py:154} INFO - [2025-09-21T07:17:33.483+0000] {dag.py:2941} INFO - Sync 1 DAGs
[2025-09-21T07:17:33.508+0000] {logging_mixin.py:154} INFO - [2025-09-21T07:17:33.508+0000] {dag.py:3722} INFO - Setting next_dagrun for bronze_to_silver to None, run_after=None
[2025-09-21T07:17:33.623+0000] {processor.py:179} INFO - Processing /opt/airflow/dags/pipeline_bronze_to_silver.py took 3.266 seconds
[2025-09-21T07:18:03.911+0000] {processor.py:157} INFO - Started process (PID=2880) to work on /opt/airflow/dags/pipeline_bronze_to_silver.py
[2025-09-21T07:18:03.913+0000] {processor.py:829} INFO - Processing file /opt/airflow/dags/pipeline_bronze_to_silver.py for tasks to queue
[2025-09-21T07:18:03.914+0000] {logging_mixin.py:154} INFO - [2025-09-21T07:18:03.914+0000] {dagbag.py:536} INFO - Filling up the DagBag from /opt/airflow/dags/pipeline_bronze_to_silver.py
[2025-09-21T07:18:05.359+0000] {processor.py:839} INFO - DAG(s) dict_keys(['bronze_to_silver']) retrieved from /opt/airflow/dags/pipeline_bronze_to_silver.py
[2025-09-21T07:18:05.445+0000] {logging_mixin.py:154} INFO - [2025-09-21T07:18:05.442+0000] {dag.py:2941} INFO - Sync 1 DAGs
[2025-09-21T07:18:05.470+0000] {logging_mixin.py:154} INFO - [2025-09-21T07:18:05.470+0000] {dag.py:3722} INFO - Setting next_dagrun for bronze_to_silver to None, run_after=None
[2025-09-21T07:18:05.513+0000] {processor.py:179} INFO - Processing /opt/airflow/dags/pipeline_bronze_to_silver.py took 1.608 seconds
[2025-09-21T07:18:35.842+0000] {processor.py:157} INFO - Started process (PID=2892) to work on /opt/airflow/dags/pipeline_bronze_to_silver.py
[2025-09-21T07:18:35.844+0000] {processor.py:829} INFO - Processing file /opt/airflow/dags/pipeline_bronze_to_silver.py for tasks to queue
[2025-09-21T07:18:35.846+0000] {logging_mixin.py:154} INFO - [2025-09-21T07:18:35.846+0000] {dagbag.py:536} INFO - Filling up the DagBag from /opt/airflow/dags/pipeline_bronze_to_silver.py
[2025-09-21T07:18:37.735+0000] {processor.py:839} INFO - DAG(s) dict_keys(['bronze_to_silver']) retrieved from /opt/airflow/dags/pipeline_bronze_to_silver.py
[2025-09-21T07:18:37.787+0000] {logging_mixin.py:154} INFO - [2025-09-21T07:18:37.786+0000] {dag.py:2941} INFO - Sync 1 DAGs
[2025-09-21T07:18:37.809+0000] {logging_mixin.py:154} INFO - [2025-09-21T07:18:37.809+0000] {dag.py:3722} INFO - Setting next_dagrun for bronze_to_silver to None, run_after=None
[2025-09-21T07:18:37.875+0000] {processor.py:179} INFO - Processing /opt/airflow/dags/pipeline_bronze_to_silver.py took 2.038 seconds
[2025-09-21T07:19:08.205+0000] {processor.py:157} INFO - Started process (PID=2907) to work on /opt/airflow/dags/pipeline_bronze_to_silver.py
[2025-09-21T07:19:08.207+0000] {processor.py:829} INFO - Processing file /opt/airflow/dags/pipeline_bronze_to_silver.py for tasks to queue
[2025-09-21T07:19:08.209+0000] {logging_mixin.py:154} INFO - [2025-09-21T07:19:08.208+0000] {dagbag.py:536} INFO - Filling up the DagBag from /opt/airflow/dags/pipeline_bronze_to_silver.py
[2025-09-21T07:19:10.399+0000] {processor.py:839} INFO - DAG(s) dict_keys(['bronze_to_silver']) retrieved from /opt/airflow/dags/pipeline_bronze_to_silver.py
[2025-09-21T07:19:10.450+0000] {logging_mixin.py:154} INFO - [2025-09-21T07:19:10.449+0000] {dag.py:2941} INFO - Sync 1 DAGs
[2025-09-21T07:19:10.472+0000] {logging_mixin.py:154} INFO - [2025-09-21T07:19:10.471+0000] {dag.py:3722} INFO - Setting next_dagrun for bronze_to_silver to None, run_after=None
[2025-09-21T07:19:10.504+0000] {processor.py:179} INFO - Processing /opt/airflow/dags/pipeline_bronze_to_silver.py took 2.306 seconds
[2025-09-21T07:19:40.592+0000] {processor.py:157} INFO - Started process (PID=2919) to work on /opt/airflow/dags/pipeline_bronze_to_silver.py
[2025-09-21T07:19:40.594+0000] {processor.py:829} INFO - Processing file /opt/airflow/dags/pipeline_bronze_to_silver.py for tasks to queue
[2025-09-21T07:19:40.598+0000] {logging_mixin.py:154} INFO - [2025-09-21T07:19:40.598+0000] {dagbag.py:536} INFO - Filling up the DagBag from /opt/airflow/dags/pipeline_bronze_to_silver.py
[2025-09-21T07:19:42.277+0000] {processor.py:839} INFO - DAG(s) dict_keys(['bronze_to_silver']) retrieved from /opt/airflow/dags/pipeline_bronze_to_silver.py
[2025-09-21T07:19:42.369+0000] {logging_mixin.py:154} INFO - [2025-09-21T07:19:42.367+0000] {dag.py:2941} INFO - Sync 1 DAGs
[2025-09-21T07:19:42.400+0000] {logging_mixin.py:154} INFO - [2025-09-21T07:19:42.399+0000] {dag.py:3722} INFO - Setting next_dagrun for bronze_to_silver to None, run_after=None
[2025-09-21T07:19:42.444+0000] {processor.py:179} INFO - Processing /opt/airflow/dags/pipeline_bronze_to_silver.py took 1.858 seconds
[2025-09-21T07:20:12.677+0000] {processor.py:157} INFO - Started process (PID=2931) to work on /opt/airflow/dags/pipeline_bronze_to_silver.py
[2025-09-21T07:20:12.678+0000] {processor.py:829} INFO - Processing file /opt/airflow/dags/pipeline_bronze_to_silver.py for tasks to queue
[2025-09-21T07:20:12.680+0000] {logging_mixin.py:154} INFO - [2025-09-21T07:20:12.680+0000] {dagbag.py:536} INFO - Filling up the DagBag from /opt/airflow/dags/pipeline_bronze_to_silver.py
[2025-09-21T07:20:14.122+0000] {processor.py:839} INFO - DAG(s) dict_keys(['bronze_to_silver']) retrieved from /opt/airflow/dags/pipeline_bronze_to_silver.py
[2025-09-21T07:20:14.168+0000] {logging_mixin.py:154} INFO - [2025-09-21T07:20:14.167+0000] {dag.py:2941} INFO - Sync 1 DAGs
[2025-09-21T07:20:14.187+0000] {logging_mixin.py:154} INFO - [2025-09-21T07:20:14.186+0000] {dag.py:3722} INFO - Setting next_dagrun for bronze_to_silver to None, run_after=None
[2025-09-21T07:20:14.229+0000] {processor.py:179} INFO - Processing /opt/airflow/dags/pipeline_bronze_to_silver.py took 1.559 seconds
[2025-09-21T07:20:44.650+0000] {processor.py:157} INFO - Started process (PID=2943) to work on /opt/airflow/dags/pipeline_bronze_to_silver.py
[2025-09-21T07:20:44.656+0000] {processor.py:829} INFO - Processing file /opt/airflow/dags/pipeline_bronze_to_silver.py for tasks to queue
[2025-09-21T07:20:44.658+0000] {logging_mixin.py:154} INFO - [2025-09-21T07:20:44.657+0000] {dagbag.py:536} INFO - Filling up the DagBag from /opt/airflow/dags/pipeline_bronze_to_silver.py
[2025-09-21T07:20:46.418+0000] {processor.py:839} INFO - DAG(s) dict_keys(['bronze_to_silver']) retrieved from /opt/airflow/dags/pipeline_bronze_to_silver.py
[2025-09-21T07:20:46.542+0000] {logging_mixin.py:154} INFO - [2025-09-21T07:20:46.541+0000] {dag.py:2941} INFO - Sync 1 DAGs
[2025-09-21T07:20:46.651+0000] {logging_mixin.py:154} INFO - [2025-09-21T07:20:46.650+0000] {dag.py:3722} INFO - Setting next_dagrun for bronze_to_silver to None, run_after=None
[2025-09-21T07:20:46.699+0000] {processor.py:179} INFO - Processing /opt/airflow/dags/pipeline_bronze_to_silver.py took 2.056 seconds
[2025-09-21T07:21:16.824+0000] {processor.py:157} INFO - Started process (PID=2955) to work on /opt/airflow/dags/pipeline_bronze_to_silver.py
[2025-09-21T07:21:16.826+0000] {processor.py:829} INFO - Processing file /opt/airflow/dags/pipeline_bronze_to_silver.py for tasks to queue
[2025-09-21T07:21:16.828+0000] {logging_mixin.py:154} INFO - [2025-09-21T07:21:16.827+0000] {dagbag.py:536} INFO - Filling up the DagBag from /opt/airflow/dags/pipeline_bronze_to_silver.py
[2025-09-21T07:21:18.643+0000] {processor.py:839} INFO - DAG(s) dict_keys(['bronze_to_silver']) retrieved from /opt/airflow/dags/pipeline_bronze_to_silver.py
[2025-09-21T07:21:18.699+0000] {logging_mixin.py:154} INFO - [2025-09-21T07:21:18.698+0000] {dag.py:2941} INFO - Sync 1 DAGs
[2025-09-21T07:21:18.723+0000] {logging_mixin.py:154} INFO - [2025-09-21T07:21:18.722+0000] {dag.py:3722} INFO - Setting next_dagrun for bronze_to_silver to None, run_after=None
[2025-09-21T07:21:18.764+0000] {processor.py:179} INFO - Processing /opt/airflow/dags/pipeline_bronze_to_silver.py took 1.947 seconds
[2025-09-21T07:21:49.244+0000] {processor.py:157} INFO - Started process (PID=2967) to work on /opt/airflow/dags/pipeline_bronze_to_silver.py
[2025-09-21T07:21:49.246+0000] {processor.py:829} INFO - Processing file /opt/airflow/dags/pipeline_bronze_to_silver.py for tasks to queue
[2025-09-21T07:21:49.248+0000] {logging_mixin.py:154} INFO - [2025-09-21T07:21:49.247+0000] {dagbag.py:536} INFO - Filling up the DagBag from /opt/airflow/dags/pipeline_bronze_to_silver.py
[2025-09-21T07:21:50.929+0000] {processor.py:839} INFO - DAG(s) dict_keys(['bronze_to_silver']) retrieved from /opt/airflow/dags/pipeline_bronze_to_silver.py
[2025-09-21T07:21:51.049+0000] {logging_mixin.py:154} INFO - [2025-09-21T07:21:51.048+0000] {dag.py:2941} INFO - Sync 1 DAGs
[2025-09-21T07:21:51.137+0000] {logging_mixin.py:154} INFO - [2025-09-21T07:21:51.136+0000] {dag.py:3722} INFO - Setting next_dagrun for bronze_to_silver to None, run_after=None
[2025-09-21T07:21:51.176+0000] {processor.py:179} INFO - Processing /opt/airflow/dags/pipeline_bronze_to_silver.py took 1.937 seconds
[2025-09-21T07:22:21.639+0000] {processor.py:157} INFO - Started process (PID=2979) to work on /opt/airflow/dags/pipeline_bronze_to_silver.py
[2025-09-21T07:22:21.642+0000] {processor.py:829} INFO - Processing file /opt/airflow/dags/pipeline_bronze_to_silver.py for tasks to queue
[2025-09-21T07:22:21.644+0000] {logging_mixin.py:154} INFO - [2025-09-21T07:22:21.644+0000] {dagbag.py:536} INFO - Filling up the DagBag from /opt/airflow/dags/pipeline_bronze_to_silver.py
[2025-09-21T07:22:24.195+0000] {processor.py:839} INFO - DAG(s) dict_keys(['bronze_to_silver']) retrieved from /opt/airflow/dags/pipeline_bronze_to_silver.py
[2025-09-21T07:22:24.276+0000] {logging_mixin.py:154} INFO - [2025-09-21T07:22:24.275+0000] {dag.py:2941} INFO - Sync 1 DAGs
[2025-09-21T07:22:24.301+0000] {logging_mixin.py:154} INFO - [2025-09-21T07:22:24.301+0000] {dag.py:3722} INFO - Setting next_dagrun for bronze_to_silver to None, run_after=None
[2025-09-21T07:22:24.351+0000] {processor.py:179} INFO - Processing /opt/airflow/dags/pipeline_bronze_to_silver.py took 2.721 seconds
[2025-09-21T07:22:54.712+0000] {processor.py:157} INFO - Started process (PID=2991) to work on /opt/airflow/dags/pipeline_bronze_to_silver.py
[2025-09-21T07:22:54.714+0000] {processor.py:829} INFO - Processing file /opt/airflow/dags/pipeline_bronze_to_silver.py for tasks to queue
[2025-09-21T07:22:54.716+0000] {logging_mixin.py:154} INFO - [2025-09-21T07:22:54.715+0000] {dagbag.py:536} INFO - Filling up the DagBag from /opt/airflow/dags/pipeline_bronze_to_silver.py
[2025-09-21T07:22:56.288+0000] {processor.py:839} INFO - DAG(s) dict_keys(['bronze_to_silver']) retrieved from /opt/airflow/dags/pipeline_bronze_to_silver.py
[2025-09-21T07:22:56.369+0000] {logging_mixin.py:154} INFO - [2025-09-21T07:22:56.368+0000] {dag.py:2941} INFO - Sync 1 DAGs
[2025-09-21T07:22:56.395+0000] {logging_mixin.py:154} INFO - [2025-09-21T07:22:56.395+0000] {dag.py:3722} INFO - Setting next_dagrun for bronze_to_silver to None, run_after=None
[2025-09-21T07:22:56.476+0000] {processor.py:179} INFO - Processing /opt/airflow/dags/pipeline_bronze_to_silver.py took 1.770 seconds
[2025-09-21T07:23:26.854+0000] {processor.py:157} INFO - Started process (PID=3003) to work on /opt/airflow/dags/pipeline_bronze_to_silver.py
[2025-09-21T07:23:26.952+0000] {processor.py:829} INFO - Processing file /opt/airflow/dags/pipeline_bronze_to_silver.py for tasks to queue
[2025-09-21T07:23:26.964+0000] {logging_mixin.py:154} INFO - [2025-09-21T07:23:26.956+0000] {dagbag.py:536} INFO - Filling up the DagBag from /opt/airflow/dags/pipeline_bronze_to_silver.py
[2025-09-21T07:23:32.299+0000] {processor.py:839} INFO - DAG(s) dict_keys(['bronze_to_silver']) retrieved from /opt/airflow/dags/pipeline_bronze_to_silver.py
[2025-09-21T07:23:32.385+0000] {logging_mixin.py:154} INFO - [2025-09-21T07:23:32.384+0000] {dag.py:2941} INFO - Sync 1 DAGs
[2025-09-21T07:23:32.430+0000] {logging_mixin.py:154} INFO - [2025-09-21T07:23:32.429+0000] {dag.py:3722} INFO - Setting next_dagrun for bronze_to_silver to None, run_after=None
[2025-09-21T07:23:32.518+0000] {processor.py:179} INFO - Processing /opt/airflow/dags/pipeline_bronze_to_silver.py took 5.693 seconds
[2025-09-21T07:24:03.060+0000] {processor.py:157} INFO - Started process (PID=3015) to work on /opt/airflow/dags/pipeline_bronze_to_silver.py
[2025-09-21T07:24:03.064+0000] {processor.py:829} INFO - Processing file /opt/airflow/dags/pipeline_bronze_to_silver.py for tasks to queue
[2025-09-21T07:24:03.067+0000] {logging_mixin.py:154} INFO - [2025-09-21T07:24:03.066+0000] {dagbag.py:536} INFO - Filling up the DagBag from /opt/airflow/dags/pipeline_bronze_to_silver.py
[2025-09-21T07:24:08.243+0000] {processor.py:839} INFO - DAG(s) dict_keys(['bronze_to_silver']) retrieved from /opt/airflow/dags/pipeline_bronze_to_silver.py
[2025-09-21T07:24:08.314+0000] {logging_mixin.py:154} INFO - [2025-09-21T07:24:08.313+0000] {dag.py:2941} INFO - Sync 1 DAGs
[2025-09-21T07:24:08.364+0000] {logging_mixin.py:154} INFO - [2025-09-21T07:24:08.364+0000] {dag.py:3722} INFO - Setting next_dagrun for bronze_to_silver to None, run_after=None
[2025-09-21T07:24:08.403+0000] {processor.py:179} INFO - Processing /opt/airflow/dags/pipeline_bronze_to_silver.py took 5.357 seconds
[2025-09-21T07:24:38.997+0000] {processor.py:157} INFO - Started process (PID=3027) to work on /opt/airflow/dags/pipeline_bronze_to_silver.py
[2025-09-21T07:24:39.002+0000] {processor.py:829} INFO - Processing file /opt/airflow/dags/pipeline_bronze_to_silver.py for tasks to queue
[2025-09-21T07:24:39.010+0000] {logging_mixin.py:154} INFO - [2025-09-21T07:24:39.008+0000] {dagbag.py:536} INFO - Filling up the DagBag from /opt/airflow/dags/pipeline_bronze_to_silver.py
[2025-09-21T07:24:45.097+0000] {processor.py:839} INFO - DAG(s) dict_keys(['bronze_to_silver']) retrieved from /opt/airflow/dags/pipeline_bronze_to_silver.py
[2025-09-21T07:24:45.383+0000] {logging_mixin.py:154} INFO - [2025-09-21T07:24:45.370+0000] {dag.py:2941} INFO - Sync 1 DAGs
[2025-09-21T07:24:45.634+0000] {logging_mixin.py:154} INFO - [2025-09-21T07:24:45.632+0000] {dag.py:3722} INFO - Setting next_dagrun for bronze_to_silver to None, run_after=None
[2025-09-21T07:24:46.105+0000] {processor.py:179} INFO - Processing /opt/airflow/dags/pipeline_bronze_to_silver.py took 7.118 seconds
[2025-09-21T07:25:16.612+0000] {processor.py:157} INFO - Started process (PID=3036) to work on /opt/airflow/dags/pipeline_bronze_to_silver.py
[2025-09-21T07:25:16.618+0000] {processor.py:829} INFO - Processing file /opt/airflow/dags/pipeline_bronze_to_silver.py for tasks to queue
[2025-09-21T07:25:16.621+0000] {logging_mixin.py:154} INFO - [2025-09-21T07:25:16.620+0000] {dagbag.py:536} INFO - Filling up the DagBag from /opt/airflow/dags/pipeline_bronze_to_silver.py
[2025-09-21T07:25:22.021+0000] {processor.py:839} INFO - DAG(s) dict_keys(['bronze_to_silver']) retrieved from /opt/airflow/dags/pipeline_bronze_to_silver.py
[2025-09-21T07:25:22.185+0000] {logging_mixin.py:154} INFO - [2025-09-21T07:25:22.181+0000] {dag.py:2941} INFO - Sync 1 DAGs
[2025-09-21T07:25:22.295+0000] {logging_mixin.py:154} INFO - [2025-09-21T07:25:22.294+0000] {dag.py:3722} INFO - Setting next_dagrun for bronze_to_silver to None, run_after=None
[2025-09-21T07:25:22.422+0000] {processor.py:179} INFO - Processing /opt/airflow/dags/pipeline_bronze_to_silver.py took 5.826 seconds
[2025-09-21T07:25:53.787+0000] {processor.py:157} INFO - Started process (PID=3048) to work on /opt/airflow/dags/pipeline_bronze_to_silver.py
[2025-09-21T07:25:53.790+0000] {processor.py:829} INFO - Processing file /opt/airflow/dags/pipeline_bronze_to_silver.py for tasks to queue
[2025-09-21T07:25:53.794+0000] {logging_mixin.py:154} INFO - [2025-09-21T07:25:53.793+0000] {dagbag.py:536} INFO - Filling up the DagBag from /opt/airflow/dags/pipeline_bronze_to_silver.py
[2025-09-21T07:26:00.414+0000] {processor.py:839} INFO - DAG(s) dict_keys(['bronze_to_silver']) retrieved from /opt/airflow/dags/pipeline_bronze_to_silver.py
[2025-09-21T07:26:00.595+0000] {logging_mixin.py:154} INFO - [2025-09-21T07:26:00.593+0000] {dag.py:2941} INFO - Sync 1 DAGs
[2025-09-21T07:26:00.656+0000] {logging_mixin.py:154} INFO - [2025-09-21T07:26:00.655+0000] {dag.py:3722} INFO - Setting next_dagrun for bronze_to_silver to None, run_after=None
[2025-09-21T07:26:00.735+0000] {processor.py:179} INFO - Processing /opt/airflow/dags/pipeline_bronze_to_silver.py took 7.015 seconds
[2025-09-21T07:33:17.794+0000] {processor.py:157} INFO - Started process (PID=3067) to work on /opt/airflow/dags/pipeline_bronze_to_silver.py
[2025-09-21T07:33:17.887+0000] {processor.py:829} INFO - Processing file /opt/airflow/dags/pipeline_bronze_to_silver.py for tasks to queue
[2025-09-21T07:33:18.065+0000] {logging_mixin.py:154} INFO - [2025-09-21T07:33:18.057+0000] {dagbag.py:536} INFO - Filling up the DagBag from /opt/airflow/dags/pipeline_bronze_to_silver.py
[2025-09-21T07:33:30.581+0000] {processor.py:839} INFO - DAG(s) dict_keys(['bronze_to_silver']) retrieved from /opt/airflow/dags/pipeline_bronze_to_silver.py
[2025-09-21T07:33:30.804+0000] {logging_mixin.py:154} INFO - [2025-09-21T07:33:30.802+0000] {dag.py:2941} INFO - Sync 1 DAGs
[2025-09-21T07:33:30.942+0000] {logging_mixin.py:154} INFO - [2025-09-21T07:33:30.942+0000] {dag.py:3722} INFO - Setting next_dagrun for bronze_to_silver to None, run_after=None
[2025-09-21T07:33:31.022+0000] {processor.py:179} INFO - Processing /opt/airflow/dags/pipeline_bronze_to_silver.py took 13.746 seconds
